Started GET "/users/1" for ::1 at 2020-01-24 15:21:06 -0500
  [1m[35m (7.2ms)[0m  [1m[34mSELECT "schema_migrations"."version" FROM "schema_migrations" ORDER BY "schema_migrations"."version" ASC[0m
Processing by UsersController#show as HTML
  Parameters: {"id"=>"1"}
  [1m[36mUser Load (9.4ms)[0m  [1m[34mSELECT "users".* FROM "users" WHERE "users"."id" = $1 LIMIT $2[0m  [["id", 1], ["LIMIT", 1]]
  ↳ app/controllers/users_controller.rb:10:in `show'
  Rendering users/show.html.erb within layouts/application
  Rendered users/show.html.erb within layouts/application (Duration: 14.6ms | Allocations: 307)
[Webpacker] Everything's up-to-date. Nothing to do
  Rendered layouts/_header.html.erb (Duration: 31.2ms | Allocations: 493)
Completed 200 OK in 876ms (Views: 495.4ms | ActiveRecord: 34.5ms | Allocations: 30845)


Started GET "/users/sign_in" for ::1 at 2020-01-24 15:21:14 -0500
Processing by Users::SessionsController#new as HTML
  Rendering devise/sessions/new.html.erb within layouts/application
  Rendered devise/shared/_links.html.erb (Duration: 15.1ms | Allocations: 618)
  Rendered devise/sessions/new.html.erb within layouts/application (Duration: 323.4ms | Allocations: 8035)
[Webpacker] Everything's up-to-date. Nothing to do
  Rendered layouts/_header.html.erb (Duration: 3.7ms | Allocations: 98)
Completed 200 OK in 682ms (Views: 668.0ms | ActiveRecord: 0.0ms | Allocations: 17356)


Started POST "/users/sign_in" for ::1 at 2020-01-24 15:21:19 -0500
Processing by Users::SessionsController#create as HTML
  Parameters: {"utf8"=>"✓", "authenticity_token"=>"5PaGFoDSWXeFydkuxUKnz4IxSMvzeVDMRaGmXHNHN35ErZQ6Q3VSrjDoJhE5YipC8xAU3EWNLcG/AOVKj4Iw0w==", "user"=>{"email"=>"messi@gmail.com", "password"=>"[FILTERED]", "remember_me"=>"0"}, "commit"=>"Log in"}
  [1m[36mUser Load (0.7ms)[0m  [1m[34mSELECT "users".* FROM "users" WHERE "users"."email" = $1 ORDER BY "users"."id" ASC LIMIT $2[0m  [["email", "messi@gmail.com"], ["LIMIT", 1]]
Redirected to http://localhost:3000/
Completed 302 Found in 451ms (ActiveRecord: 0.7ms | Allocations: 6821)


Started GET "/" for ::1 at 2020-01-24 15:21:20 -0500
Processing by StaticPagesController#home as HTML
  Rendering static_pages/home.html.erb within layouts/application
  Rendered static_pages/home.html.erb within layouts/application (Duration: 1.2ms | Allocations: 84)
[Webpacker] Everything's up-to-date. Nothing to do
  [1m[36mUser Load (0.7ms)[0m  [1m[34mSELECT "users".* FROM "users" WHERE "users"."id" = $1 ORDER BY "users"."id" ASC LIMIT $2[0m  [["id", 1], ["LIMIT", 1]]
  ↳ app/views/layouts/_header.html.erb:3
  [1m[36mFriendship Load (3.1ms)[0m  [1m[34mSELECT "friendships".* FROM "friendships" WHERE "friendships"."friend_id" = $1[0m  [["friend_id", 1]]
  ↳ app/models/user.rb:28:in `map'
  Rendered layouts/_header.html.erb (Duration: 304.9ms | Allocations: 11193)
Completed 200 OK in 471ms (Views: 447.4ms | ActiveRecord: 14.5ms | Allocations: 18631)


Started GET "/posts" for ::1 at 2020-01-24 15:21:24 -0500
Processing by PostsController#index as HTML
  Rendering posts/index.html.erb within layouts/application
  [1m[36mPost Load (9.8ms)[0m  [1m[34mSELECT "posts".* FROM "posts"[0m
  ↳ app/views/posts/index.html.erb:6
  [1m[36mUser Load (1.1ms)[0m  [1m[34mSELECT "users".* FROM "users" WHERE "users"."id" = $1 LIMIT $2[0m  [["id", 6], ["LIMIT", 1]]
  ↳ app/views/posts/index.html.erb:12
  Rendered posts/index.html.erb within layouts/application (Duration: 125.8ms | Allocations: 6183)
[Webpacker] Everything's up-to-date. Nothing to do
  [1m[36mUser Load (1.2ms)[0m  [1m[34mSELECT "users".* FROM "users" WHERE "users"."id" = $1 ORDER BY "users"."id" ASC LIMIT $2[0m  [["id", 1], ["LIMIT", 1]]
  ↳ app/views/layouts/_header.html.erb:3
  [1m[36mFriendship Load (0.7ms)[0m  [1m[34mSELECT "friendships".* FROM "friendships" WHERE "friendships"."friend_id" = $1[0m  [["friend_id", 1]]
  ↳ app/models/user.rb:28:in `map'
  Rendered layouts/_header.html.erb (Duration: 15.6ms | Allocations: 1910)
Completed 200 OK in 463ms (Views: 389.5ms | ActiveRecord: 23.2ms | Allocations: 18247)


Started GET "/friends" for ::1 at 2020-01-24 15:21:27 -0500
Processing by UsersController#friends as HTML
  [1m[36mUser Load (0.7ms)[0m  [1m[34mSELECT "users".* FROM "users" WHERE "users"."id" = $1 ORDER BY "users"."id" ASC LIMIT $2[0m  [["id", 1], ["LIMIT", 1]]
  ↳ app/controllers/users_controller.rb:14:in `friends'
  [1m[36mFriendship Load (0.8ms)[0m  [1m[34mSELECT "friendships".* FROM "friendships" WHERE "friendships"."user_id" = $1[0m  [["user_id", 1]]
  ↳ app/models/user.rb:22:in `map'
  [1m[36mUser Load (0.9ms)[0m  [1m[34mSELECT "users".* FROM "users" WHERE "users"."id" = $1 LIMIT $2[0m  [["id", 2], ["LIMIT", 1]]
  ↳ app/models/user.rb:22:in `block in friends'
  [1m[36mFriendship Load (0.9ms)[0m  [1m[34mSELECT "friendships".* FROM "friendships" WHERE "friendships"."friend_id" = $1[0m  [["friend_id", 1]]
  ↳ app/models/user.rb:23:in `map'
  [1m[36mUser Load (0.7ms)[0m  [1m[34mSELECT "users".* FROM "users" WHERE "users"."id" = $1 LIMIT $2[0m  [["id", 5], ["LIMIT", 1]]
  ↳ app/models/user.rb:23:in `block in friends'
  [1m[36mUser Load (1.0ms)[0m  [1m[34mSELECT "users".* FROM "users" WHERE "users"."id" = $1 LIMIT $2[0m  [["id", 6], ["LIMIT", 1]]
  ↳ app/models/user.rb:23:in `block in friends'
  Rendering users/friends.html.erb within layouts/application
  [1m[36mFriendship Load (1.2ms)[0m  [1m[34mSELECT "friendships".* FROM "friendships" WHERE "friendships"."user_id" = $1 AND "friendships"."friend_id" = $2 LIMIT $3[0m  [["user_id", 1], ["friend_id", 2], ["LIMIT", 1]]
  ↳ app/helpers/users_helper.rb:5:in `find_friendship_by_friend'
  [1m[36mFriendship Load (0.8ms)[0m  [1m[34mSELECT "friendships".* FROM "friendships" WHERE "friendships"."user_id" = $1 AND "friendships"."friend_id" = $2 LIMIT $3[0m  [["user_id", 1], ["friend_id", 6], ["LIMIT", 1]]
  ↳ app/helpers/users_helper.rb:5:in `find_friendship_by_friend'
  [1m[36mFriendship Load (1.0ms)[0m  [1m[34mSELECT "friendships".* FROM "friendships" WHERE "friendships"."user_id" = $1 AND "friendships"."friend_id" = $2 LIMIT $3[0m  [["user_id", 6], ["friend_id", 1], ["LIMIT", 1]]
  ↳ app/helpers/users_helper.rb:8:in `find_friendship_by_friend'
  Rendered users/friends.html.erb within layouts/application (Duration: 24.2ms | Allocations: 2295)
[Webpacker] Everything's up-to-date. Nothing to do
  Rendered layouts/_header.html.erb (Duration: 1.3ms | Allocations: 216)
Completed 200 OK in 175ms (Views: 120.6ms | ActiveRecord: 8.0ms | Allocations: 14947)


Started GET "/posts" for ::1 at 2020-01-24 15:21:30 -0500
Processing by PostsController#index as HTML
  Rendering posts/index.html.erb within layouts/application
  [1m[36mPost Load (0.7ms)[0m  [1m[34mSELECT "posts".* FROM "posts"[0m
  ↳ app/views/posts/index.html.erb:6
  [1m[36mUser Load (0.8ms)[0m  [1m[34mSELECT "users".* FROM "users" WHERE "users"."id" = $1 LIMIT $2[0m  [["id", 6], ["LIMIT", 1]]
  ↳ app/views/posts/index.html.erb:12
  Rendered posts/index.html.erb within layouts/application (Duration: 14.3ms | Allocations: 1447)
[Webpacker] Everything's up-to-date. Nothing to do
  [1m[36mUser Load (3.7ms)[0m  [1m[34mSELECT "users".* FROM "users" WHERE "users"."id" = $1 ORDER BY "users"."id" ASC LIMIT $2[0m  [["id", 1], ["LIMIT", 1]]
  ↳ app/views/layouts/_header.html.erb:3
  [1m[36mFriendship Load (1.2ms)[0m  [1m[34mSELECT "friendships".* FROM "friendships" WHERE "friendships"."friend_id" = $1[0m  [["friend_id", 1]]
  ↳ app/models/user.rb:28:in `map'
  Rendered layouts/_header.html.erb (Duration: 40.3ms | Allocations: 1910)
Completed 200 OK in 181ms (Views: 172.2ms | ActiveRecord: 6.4ms | Allocations: 10021)


Started GET "/posts" for ::1 at 2020-01-24 15:23:19 -0500
Processing by PostsController#index as HTML
  [1m[36mUser Load (1.1ms)[0m  [1m[34mSELECT "users".* FROM "users" WHERE "users"."id" = $1 ORDER BY "users"."id" ASC LIMIT $2[0m  [["id", 1], ["LIMIT", 1]]
  ↳ app/controllers/posts_controller.rb:7:in `index'
  [1m[36mFriendship Load (0.8ms)[0m  [1m[34mSELECT "friendships".* FROM "friendships" WHERE "friendships"."user_id" = $1[0m  [["user_id", 1]]
  ↳ app/models/user.rb:22:in `map'
  [1m[36mUser Load (0.6ms)[0m  [1m[34mSELECT "users".* FROM "users" WHERE "users"."id" = $1 LIMIT $2[0m  [["id", 2], ["LIMIT", 1]]
  ↳ app/models/user.rb:22:in `block in friends'
  [1m[36mFriendship Load (0.9ms)[0m  [1m[34mSELECT "friendships".* FROM "friendships" WHERE "friendships"."friend_id" = $1[0m  [["friend_id", 1]]
  ↳ app/models/user.rb:23:in `map'
  [1m[36mUser Load (1.0ms)[0m  [1m[34mSELECT "users".* FROM "users" WHERE "users"."id" = $1 LIMIT $2[0m  [["id", 5], ["LIMIT", 1]]
  ↳ app/models/user.rb:23:in `block in friends'
  [1m[36mUser Load (0.8ms)[0m  [1m[34mSELECT "users".* FROM "users" WHERE "users"."id" = $1 LIMIT $2[0m  [["id", 6], ["LIMIT", 1]]
  ↳ app/models/user.rb:23:in `block in friends'
  [1m[36mPost Load (0.9ms)[0m  [1m[34mSELECT "posts".* FROM "posts" WHERE "posts"."user_id" = $1[0m  [["user_id", 2]]
  ↳ app/models/user.rb:36:in `flatten'
  [1m[36mPost Load (0.8ms)[0m  [1m[34mSELECT "posts".* FROM "posts" WHERE "posts"."user_id" = $1[0m  [["user_id", 6]]
  ↳ app/models/user.rb:36:in `flatten'
  [1m[36mPost Load (0.9ms)[0m  [1m[34mSELECT "posts".* FROM "posts" WHERE "posts"."user_id" = $1[0m  [["user_id", 1]]
  ↳ app/models/user.rb:37:in `show_post'
  Rendering posts/index.html.erb within layouts/application
  Rendered posts/index.html.erb within layouts/application (Duration: 59.0ms | Allocations: 234)
[Webpacker] Everything's up-to-date. Nothing to do
  Rendered layouts/_header.html.erb (Duration: 4.1ms | Allocations: 531)
Completed 200 OK in 580ms (Views: 233.8ms | ActiveRecord: 41.9ms | Allocations: 39681)


Started GET "/posts/new" for ::1 at 2020-01-24 15:23:26 -0500
Processing by PostsController#new as HTML
  [1m[36mUser Load (1.0ms)[0m  [1m[34mSELECT "users".* FROM "users" WHERE "users"."id" = $1 ORDER BY "users"."id" ASC LIMIT $2[0m  [["id", 1], ["LIMIT", 1]]
  ↳ app/controllers/posts_controller.rb:38:in `require_login'
  Rendering posts/new.html.erb within layouts/application
  Rendered posts/_form.html.erb (Duration: 17.8ms | Allocations: 984)
  Rendered posts/new.html.erb within layouts/application (Duration: 26.7ms | Allocations: 1341)
[Webpacker] Everything's up-to-date. Nothing to do
  [1m[36mFriendship Load (0.7ms)[0m  [1m[34mSELECT "friendships".* FROM "friendships" WHERE "friendships"."friend_id" = $1[0m  [["friend_id", 1]]
  ↳ app/models/user.rb:28:in `map'
  Rendered layouts/_header.html.erb (Duration: 9.6ms | Allocations: 982)
Completed 200 OK in 227ms (Views: 209.6ms | ActiveRecord: 1.7ms | Allocations: 9977)


Started POST "/posts" for ::1 at 2020-01-24 15:23:37 -0500
Processing by PostsController#create as HTML
  Parameters: {"utf8"=>"✓", "authenticity_token"=>"SyWT04P7FjZnq4mHSdI4E1KslCZxqrlv/zkDGG4BNhKeD/V7k8L4PJz3Z40GKNPwqoC36TIhITQSpilIwoFoBQ==", "content"=>"Messi's Post", "commit"=>"Post"}
  [1m[36mUser Load (0.5ms)[0m  [1m[34mSELECT "users".* FROM "users" WHERE "users"."id" = $1 ORDER BY "users"."id" ASC LIMIT $2[0m  [["id", 1], ["LIMIT", 1]]
  ↳ app/controllers/posts_controller.rb:38:in `require_login'
  [1m[36mUser Load (0.5ms)[0m  [1m[34mSELECT "users".* FROM "users" WHERE "users"."id" = $1 LIMIT $2[0m  [["id", 1], ["LIMIT", 1]]
  ↳ app/controllers/posts_controller.rb:15:in `create'
[31mUnpermitted parameters: :utf8, :authenticity_token, :commit[0m
  [1m[35m (0.3ms)[0m  [1m[35mBEGIN[0m
  ↳ app/controllers/posts_controller.rb:18:in `create'
  [1m[36mPost Create (2.0ms)[0m  [1m[32mINSERT INTO "posts" ("content", "user_id", "created_at", "updated_at") VALUES ($1, $2, $3, $4) RETURNING "id"[0m  [["content", "Messi's Post"], ["user_id", 1], ["created_at", "2020-01-24 20:23:37.372704"], ["updated_at", "2020-01-24 20:23:37.372704"]]
  ↳ app/controllers/posts_controller.rb:18:in `create'
  [1m[35m (1.7ms)[0m  [1m[35mCOMMIT[0m
  ↳ app/controllers/posts_controller.rb:18:in `create'
Redirected to http://localhost:3000/posts
Completed 302 Found in 38ms (ActiveRecord: 4.9ms | Allocations: 5614)


Started GET "/posts" for ::1 at 2020-01-24 15:23:37 -0500
Processing by PostsController#index as HTML
  [1m[36mUser Load (0.5ms)[0m  [1m[34mSELECT "users".* FROM "users" WHERE "users"."id" = $1 ORDER BY "users"."id" ASC LIMIT $2[0m  [["id", 1], ["LIMIT", 1]]
  ↳ app/controllers/posts_controller.rb:7:in `index'
  [1m[36mFriendship Load (0.7ms)[0m  [1m[34mSELECT "friendships".* FROM "friendships" WHERE "friendships"."user_id" = $1[0m  [["user_id", 1]]
  ↳ app/models/user.rb:22:in `map'
  [1m[36mUser Load (0.5ms)[0m  [1m[34mSELECT "users".* FROM "users" WHERE "users"."id" = $1 LIMIT $2[0m  [["id", 2], ["LIMIT", 1]]
  ↳ app/models/user.rb:22:in `block in friends'
  [1m[36mFriendship Load (0.6ms)[0m  [1m[34mSELECT "friendships".* FROM "friendships" WHERE "friendships"."friend_id" = $1[0m  [["friend_id", 1]]
  ↳ app/models/user.rb:23:in `map'
  [1m[36mUser Load (0.5ms)[0m  [1m[34mSELECT "users".* FROM "users" WHERE "users"."id" = $1 LIMIT $2[0m  [["id", 5], ["LIMIT", 1]]
  ↳ app/models/user.rb:23:in `block in friends'
  [1m[36mUser Load (0.5ms)[0m  [1m[34mSELECT "users".* FROM "users" WHERE "users"."id" = $1 LIMIT $2[0m  [["id", 6], ["LIMIT", 1]]
  ↳ app/models/user.rb:23:in `block in friends'
  [1m[36mPost Load (1.0ms)[0m  [1m[34mSELECT "posts".* FROM "posts" WHERE "posts"."user_id" = $1[0m  [["user_id", 2]]
  ↳ app/models/user.rb:36:in `flatten'
  [1m[36mPost Load (0.8ms)[0m  [1m[34mSELECT "posts".* FROM "posts" WHERE "posts"."user_id" = $1[0m  [["user_id", 6]]
  ↳ app/models/user.rb:36:in `flatten'
  [1m[36mPost Load (1.0ms)[0m  [1m[34mSELECT "posts".* FROM "posts" WHERE "posts"."user_id" = $1[0m  [["user_id", 1]]
  ↳ app/models/user.rb:37:in `show_post'
  Rendering posts/index.html.erb within layouts/application
  Rendered posts/index.html.erb within layouts/application (Duration: 0.7ms | Allocations: 78)
[Webpacker] Everything's up-to-date. Nothing to do
  Rendered layouts/_header.html.erb (Duration: 1.2ms | Allocations: 208)
Completed 200 OK in 173ms (Views: 110.5ms | ActiveRecord: 6.3ms | Allocations: 13500)


Started GET "/friends" for ::1 at 2020-01-24 15:23:44 -0500
Processing by UsersController#friends as HTML
  [1m[36mUser Load (1.8ms)[0m  [1m[34mSELECT "users".* FROM "users" WHERE "users"."id" = $1 ORDER BY "users"."id" ASC LIMIT $2[0m  [["id", 1], ["LIMIT", 1]]
  ↳ app/controllers/users_controller.rb:14:in `friends'
  [1m[36mFriendship Load (0.9ms)[0m  [1m[34mSELECT "friendships".* FROM "friendships" WHERE "friendships"."user_id" = $1[0m  [["user_id", 1]]
  ↳ app/models/user.rb:22:in `map'
  [1m[36mUser Load (0.6ms)[0m  [1m[34mSELECT "users".* FROM "users" WHERE "users"."id" = $1 LIMIT $2[0m  [["id", 2], ["LIMIT", 1]]
  ↳ app/models/user.rb:22:in `block in friends'
  [1m[36mFriendship Load (0.8ms)[0m  [1m[34mSELECT "friendships".* FROM "friendships" WHERE "friendships"."friend_id" = $1[0m  [["friend_id", 1]]
  ↳ app/models/user.rb:23:in `map'
  [1m[36mUser Load (0.5ms)[0m  [1m[34mSELECT "users".* FROM "users" WHERE "users"."id" = $1 LIMIT $2[0m  [["id", 5], ["LIMIT", 1]]
  ↳ app/models/user.rb:23:in `block in friends'
  [1m[36mUser Load (0.7ms)[0m  [1m[34mSELECT "users".* FROM "users" WHERE "users"."id" = $1 LIMIT $2[0m  [["id", 6], ["LIMIT", 1]]
  ↳ app/models/user.rb:23:in `block in friends'
  Rendering users/friends.html.erb within layouts/application
  [1m[36mFriendship Load (15.7ms)[0m  [1m[34mSELECT "friendships".* FROM "friendships" WHERE "friendships"."user_id" = $1 AND "friendships"."friend_id" = $2 LIMIT $3[0m  [["user_id", 1], ["friend_id", 2], ["LIMIT", 1]]
  ↳ app/helpers/users_helper.rb:5:in `find_friendship_by_friend'
  [1m[36mFriendship Load (0.8ms)[0m  [1m[34mSELECT "friendships".* FROM "friendships" WHERE "friendships"."user_id" = $1 AND "friendships"."friend_id" = $2 LIMIT $3[0m  [["user_id", 1], ["friend_id", 6], ["LIMIT", 1]]
  ↳ app/helpers/users_helper.rb:5:in `find_friendship_by_friend'
  [1m[36mFriendship Load (6.4ms)[0m  [1m[34mSELECT "friendships".* FROM "friendships" WHERE "friendships"."user_id" = $1 AND "friendships"."friend_id" = $2 LIMIT $3[0m  [["user_id", 6], ["friend_id", 1], ["LIMIT", 1]]
  ↳ app/helpers/users_helper.rb:8:in `find_friendship_by_friend'
  Rendered users/friends.html.erb within layouts/application (Duration: 204.0ms | Allocations: 2339)
[Webpacker] Everything's up-to-date. Nothing to do
  Rendered layouts/_header.html.erb (Duration: 1.3ms | Allocations: 216)
Completed 200 OK in 734ms (Views: 481.8ms | ActiveRecord: 28.3ms | Allocations: 14374)


Started DELETE "/friendships/39" for ::1 at 2020-01-24 15:23:46 -0500
Processing by FriendshipsController#destroy as HTML
  Parameters: {"authenticity_token"=>"pwa0d8nHmH+apJk8OvplIJIQT4s09qnoPPf08udNST9yLNLf2f52dWH4dzZ1AI7DajxsRHd9MbPRaN6iS80XKA==", "id"=>"39"}
  [1m[36mFriendship Load (0.7ms)[0m  [1m[34mSELECT "friendships".* FROM "friendships" WHERE "friendships"."id" = $1 LIMIT $2[0m  [["id", 39], ["LIMIT", 1]]
  ↳ app/controllers/friendships_controller.rb:55:in `destroy'
  [1m[36mFriendship Destroy (1.9ms)[0m  [1m[31mDELETE FROM "friendships" WHERE "friendships"."id" = $1[0m  [["id", 39]]
  ↳ app/controllers/friendships_controller.rb:56:in `destroy'
Redirected to http://localhost:3000/friends
Completed 302 Found in 16ms (ActiveRecord: 2.6ms | Allocations: 2405)


Started GET "/friends" for ::1 at 2020-01-24 15:23:47 -0500
Processing by UsersController#friends as HTML
  [1m[36mUser Load (0.7ms)[0m  [1m[34mSELECT "users".* FROM "users" WHERE "users"."id" = $1 ORDER BY "users"."id" ASC LIMIT $2[0m  [["id", 1], ["LIMIT", 1]]
  ↳ app/controllers/users_controller.rb:14:in `friends'
  [1m[36mFriendship Load (0.8ms)[0m  [1m[34mSELECT "friendships".* FROM "friendships" WHERE "friendships"."user_id" = $1[0m  [["user_id", 1]]
  ↳ app/models/user.rb:22:in `map'
  [1m[36mUser Load (0.8ms)[0m  [1m[34mSELECT "users".* FROM "users" WHERE "users"."id" = $1 LIMIT $2[0m  [["id", 2], ["LIMIT", 1]]
  ↳ app/models/user.rb:22:in `block in friends'
  [1m[36mFriendship Load (1.1ms)[0m  [1m[34mSELECT "friendships".* FROM "friendships" WHERE "friendships"."friend_id" = $1[0m  [["friend_id", 1]]
  ↳ app/models/user.rb:23:in `map'
  [1m[36mUser Load (0.6ms)[0m  [1m[34mSELECT "users".* FROM "users" WHERE "users"."id" = $1 LIMIT $2[0m  [["id", 5], ["LIMIT", 1]]
  ↳ app/models/user.rb:23:in `block in friends'
  Rendering users/friends.html.erb within layouts/application
  [1m[36mFriendship Load (0.6ms)[0m  [1m[34mSELECT "friendships".* FROM "friendships" WHERE "friendships"."user_id" = $1 AND "friendships"."friend_id" = $2 LIMIT $3[0m  [["user_id", 1], ["friend_id", 2], ["LIMIT", 1]]
  ↳ app/helpers/users_helper.rb:5:in `find_friendship_by_friend'
  Rendered users/friends.html.erb within layouts/application (Duration: 6.8ms | Allocations: 699)
[Webpacker] Everything's up-to-date. Nothing to do
  Rendered layouts/_header.html.erb (Duration: 1.1ms | Allocations: 208)
Completed 200 OK in 207ms (Views: 166.5ms | ActiveRecord: 4.7ms | Allocations: 11266)


Started GET "/posts" for ::1 at 2020-01-24 15:23:49 -0500
Processing by PostsController#index as HTML
  [1m[36mUser Load (0.8ms)[0m  [1m[34mSELECT "users".* FROM "users" WHERE "users"."id" = $1 ORDER BY "users"."id" ASC LIMIT $2[0m  [["id", 1], ["LIMIT", 1]]
  ↳ app/controllers/posts_controller.rb:7:in `index'
  [1m[36mFriendship Load (0.8ms)[0m  [1m[34mSELECT "friendships".* FROM "friendships" WHERE "friendships"."user_id" = $1[0m  [["user_id", 1]]
  ↳ app/models/user.rb:22:in `map'
  [1m[36mUser Load (0.6ms)[0m  [1m[34mSELECT "users".* FROM "users" WHERE "users"."id" = $1 LIMIT $2[0m  [["id", 2], ["LIMIT", 1]]
  ↳ app/models/user.rb:22:in `block in friends'
  [1m[36mFriendship Load (0.9ms)[0m  [1m[34mSELECT "friendships".* FROM "friendships" WHERE "friendships"."friend_id" = $1[0m  [["friend_id", 1]]
  ↳ app/models/user.rb:23:in `map'
  [1m[36mUser Load (0.6ms)[0m  [1m[34mSELECT "users".* FROM "users" WHERE "users"."id" = $1 LIMIT $2[0m  [["id", 5], ["LIMIT", 1]]
  ↳ app/models/user.rb:23:in `block in friends'
  [1m[36mPost Load (1.3ms)[0m  [1m[34mSELECT "posts".* FROM "posts" WHERE "posts"."user_id" = $1[0m  [["user_id", 2]]
  ↳ app/models/user.rb:36:in `flatten'
  [1m[36mPost Load (0.6ms)[0m  [1m[34mSELECT "posts".* FROM "posts" WHERE "posts"."user_id" = $1[0m  [["user_id", 1]]
  ↳ app/models/user.rb:37:in `show_post'
  Rendering posts/index.html.erb within layouts/application
  Rendered posts/index.html.erb within layouts/application (Duration: 0.5ms | Allocations: 50)
[Webpacker] Everything's up-to-date. Nothing to do
  Rendered layouts/_header.html.erb (Duration: 1.1ms | Allocations: 218)
Completed 200 OK in 186ms (Views: 129.7ms | ActiveRecord: 5.7ms | Allocations: 12009)


Started GET "/users" for ::1 at 2020-01-24 15:24:01 -0500
Processing by UsersController#index as HTML
  Rendering users/index.html.erb within layouts/application
  [1m[36mUser Load (1.0ms)[0m  [1m[34mSELECT "users".* FROM "users"[0m
  ↳ app/helpers/users_helper.rb:15:in `search_users_list'
  [1m[36mUser Load (0.8ms)[0m  [1m[34mSELECT "users".* FROM "users" WHERE "users"."id" = $1 ORDER BY "users"."id" ASC LIMIT $2[0m  [["id", 1], ["LIMIT", 1]]
  ↳ app/helpers/users_helper.rb:16:in `block in search_users_list'
  [1m[36mFriendship Load (0.5ms)[0m  [1m[34mSELECT "friendships".* FROM "friendships" WHERE "friendships"."user_id" = $1[0m  [["user_id", 1]]
  ↳ app/models/user.rb:22:in `map'
  [1m[36mUser Load (0.6ms)[0m  [1m[34mSELECT "users".* FROM "users" WHERE "users"."id" = $1 LIMIT $2[0m  [["id", 2], ["LIMIT", 1]]
  ↳ app/models/user.rb:22:in `block in friends'
  [1m[36mFriendship Load (0.7ms)[0m  [1m[34mSELECT "friendships".* FROM "friendships" WHERE "friendships"."friend_id" = $1[0m  [["friend_id", 1]]
  ↳ app/models/user.rb:23:in `map'
  [1m[36mUser Load (1.2ms)[0m  [1m[34mSELECT "users".* FROM "users" WHERE "users"."id" = $1 LIMIT $2[0m  [["id", 5], ["LIMIT", 1]]
  ↳ app/models/user.rb:23:in `block in friends'
  Rendered users/index.html.erb within layouts/application (Duration: 52.9ms | Allocations: 5416)
[Webpacker] Everything's up-to-date. Nothing to do
  Rendered layouts/_header.html.erb (Duration: 1.1ms | Allocations: 216)
Completed 200 OK in 567ms (Views: 553.4ms | ActiveRecord: 4.8ms | Allocations: 12436)


Started GET "/friends" for ::1 at 2020-01-24 15:24:07 -0500
Processing by UsersController#friends as HTML
  [1m[36mUser Load (4.7ms)[0m  [1m[34mSELECT "users".* FROM "users" WHERE "users"."id" = $1 ORDER BY "users"."id" ASC LIMIT $2[0m  [["id", 1], ["LIMIT", 1]]
  ↳ app/controllers/users_controller.rb:14:in `friends'
  [1m[36mFriendship Load (5.4ms)[0m  [1m[34mSELECT "friendships".* FROM "friendships" WHERE "friendships"."user_id" = $1[0m  [["user_id", 1]]
  ↳ app/models/user.rb:22:in `map'
  [1m[36mUser Load (22.3ms)[0m  [1m[34mSELECT "users".* FROM "users" WHERE "users"."id" = $1 LIMIT $2[0m  [["id", 2], ["LIMIT", 1]]
  ↳ app/models/user.rb:22:in `block in friends'
  [1m[36mFriendship Load (7.9ms)[0m  [1m[34mSELECT "friendships".* FROM "friendships" WHERE "friendships"."friend_id" = $1[0m  [["friend_id", 1]]
  ↳ app/models/user.rb:23:in `map'
  [1m[36mUser Load (1.0ms)[0m  [1m[34mSELECT "users".* FROM "users" WHERE "users"."id" = $1 LIMIT $2[0m  [["id", 5], ["LIMIT", 1]]
  ↳ app/models/user.rb:23:in `block in friends'
  Rendering users/friends.html.erb within layouts/application
  [1m[36mFriendship Load (0.8ms)[0m  [1m[34mSELECT "friendships".* FROM "friendships" WHERE "friendships"."user_id" = $1 AND "friendships"."friend_id" = $2 LIMIT $3[0m  [["user_id", 1], ["friend_id", 2], ["LIMIT", 1]]
  ↳ app/helpers/users_helper.rb:5:in `find_friendship_by_friend'
  Rendered users/friends.html.erb within layouts/application (Duration: 150.7ms | Allocations: 702)
[Webpacker] Everything's up-to-date. Nothing to do
  Rendered layouts/_header.html.erb (Duration: 0.8ms | Allocations: 208)
Completed 200 OK in 904ms (Views: 531.0ms | ActiveRecord: 42.1ms | Allocations: 11260)


Started GET "/users" for ::1 at 2020-01-24 15:24:10 -0500
Processing by UsersController#index as HTML
  Rendering users/index.html.erb within layouts/application
  [1m[36mUser Load (0.9ms)[0m  [1m[34mSELECT "users".* FROM "users"[0m
  ↳ app/helpers/users_helper.rb:15:in `search_users_list'
  [1m[36mUser Load (0.7ms)[0m  [1m[34mSELECT "users".* FROM "users" WHERE "users"."id" = $1 ORDER BY "users"."id" ASC LIMIT $2[0m  [["id", 1], ["LIMIT", 1]]
  ↳ app/helpers/users_helper.rb:16:in `block in search_users_list'
  [1m[36mFriendship Load (0.7ms)[0m  [1m[34mSELECT "friendships".* FROM "friendships" WHERE "friendships"."user_id" = $1[0m  [["user_id", 1]]
  ↳ app/models/user.rb:22:in `map'
  [1m[36mUser Load (0.8ms)[0m  [1m[34mSELECT "users".* FROM "users" WHERE "users"."id" = $1 LIMIT $2[0m  [["id", 2], ["LIMIT", 1]]
  ↳ app/models/user.rb:22:in `block in friends'
  [1m[36mFriendship Load (0.6ms)[0m  [1m[34mSELECT "friendships".* FROM "friendships" WHERE "friendships"."friend_id" = $1[0m  [["friend_id", 1]]
  ↳ app/models/user.rb:23:in `map'
  [1m[36mUser Load (0.6ms)[0m  [1m[34mSELECT "users".* FROM "users" WHERE "users"."id" = $1 LIMIT $2[0m  [["id", 5], ["LIMIT", 1]]
  ↳ app/models/user.rb:23:in `block in friends'
  Rendered users/index.html.erb within layouts/application (Duration: 42.9ms | Allocations: 4965)
[Webpacker] Everything's up-to-date. Nothing to do
  Rendered layouts/_header.html.erb (Duration: 1.0ms | Allocations: 208)
Completed 200 OK in 251ms (Views: 243.4ms | ActiveRecord: 4.3ms | Allocations: 11845)


Started POST "/friendships" for ::1 at 2020-01-24 15:24:13 -0500
Processing by FriendshipsController#create as HTML
  Parameters: {"utf8"=>"✓", "authenticity_token"=>"ItV8oI9enpMC11tp9mJGKV6pA76MavhR/QgsXJgFCFf3/xoIn2dwmfmLtWO5mK3KpoUgcc/hYAoQlwYMNIVWQA==", "friendship"=>{"friend_id"=>"6"}, "commit"=>"Add Friend"}
  [1m[36mUser Load (0.6ms)[0m  [1m[34mSELECT "users".* FROM "users" WHERE "users"."id" = $1 LIMIT $2[0m  [["id", 6], ["LIMIT", 1]]
  ↳ app/controllers/friendships_controller.rb:72:in `friendship_exists'
  [1m[36mUser Load (0.6ms)[0m  [1m[34mSELECT "users".* FROM "users" WHERE "users"."id" = $1 ORDER BY "users"."id" ASC LIMIT $2[0m  [["id", 1], ["LIMIT", 1]]
  ↳ app/controllers/friendships_controller.rb:73:in `friendship_exists'
  [1m[36mFriendship Load (0.7ms)[0m  [1m[34mSELECT "friendships".* FROM "friendships" WHERE "friendships"."friend_id" = $1 AND "friendships"."user_id" = $2 AND "friendships"."friend_id" = $3 LIMIT $4[0m  [["friend_id", 1], ["user_id", 6], ["friend_id", 1], ["LIMIT", 1]]
  ↳ app/controllers/friendships_controller.rb:75:in `friendship_exists'
  [1m[36mFriendship Load (0.9ms)[0m  [1m[34mSELECT "friendships".* FROM "friendships" WHERE "friendships"."user_id" = $1 AND "friendships"."user_id" = $2 AND "friendships"."friend_id" = $3 LIMIT $4[0m  [["user_id", 6], ["user_id", 6], ["friend_id", 1], ["LIMIT", 1]]
  ↳ app/controllers/friendships_controller.rb:76:in `friendship_exists'
  [1m[36mCACHE User Load (0.0ms)[0m  [1m[34mSELECT "users".* FROM "users" WHERE "users"."id" = $1 LIMIT $2[0m  [["id", 6], ["LIMIT", 1]]
  ↳ app/controllers/friendships_controller.rb:11:in `create'
  [1m[35m (0.4ms)[0m  [1m[35mBEGIN[0m
  ↳ app/controllers/friendships_controller.rb:17:in `create'
  [1m[36mFriendship Create (42.9ms)[0m  [1m[32mINSERT INTO "friendships" ("user_id", "friend_id", "created_at", "updated_at") VALUES ($1, $2, $3, $4) RETURNING "id"[0m  [["user_id", 1], ["friend_id", 6], ["created_at", "2020-01-24 20:24:14.121807"], ["updated_at", "2020-01-24 20:24:14.121807"]]
  ↳ app/controllers/friendships_controller.rb:17:in `create'
  [1m[35m (1.3ms)[0m  [1m[35mCOMMIT[0m
  ↳ app/controllers/friendships_controller.rb:17:in `create'
Redirected to http://localhost:3000/notifications
Completed 302 Found in 332ms (ActiveRecord: 47.5ms | Allocations: 8360)


Started GET "/notifications" for ::1 at 2020-01-24 15:24:14 -0500
Processing by FriendshipsController#index as HTML
  [1m[36mUser Load (1.5ms)[0m  [1m[34mSELECT "users".* FROM "users" WHERE "users"."id" = $1 ORDER BY "users"."id" ASC LIMIT $2[0m  [["id", 1], ["LIMIT", 1]]
  ↳ app/controllers/friendships_controller.rb:30:in `index'
  [1m[36mFriendship Load (0.6ms)[0m  [1m[34mSELECT "friendships".* FROM "friendships" WHERE "friendships"."friend_id" = $1[0m  [["friend_id", 1]]
  ↳ app/models/user.rb:28:in `map'
  [1m[36mFriendship Load (0.6ms)[0m  [1m[34mSELECT "friendships".* FROM "friendships" WHERE "friendships"."user_id" = $1[0m  [["user_id", 1]]
  ↳ app/models/user.rb:32:in `map'
  [1m[36mUser Load (0.6ms)[0m  [1m[34mSELECT "users".* FROM "users" WHERE "users"."id" = $1 LIMIT $2[0m  [["id", 6], ["LIMIT", 1]]
  ↳ app/models/user.rb:32:in `block in pending_friends'
  Rendering friendships/index.html.erb within layouts/application
  Rendered friendships/index.html.erb within layouts/application (Duration: 2.6ms | Allocations: 264)
[Webpacker] Everything's up-to-date. Nothing to do
  Rendered layouts/_header.html.erb (Duration: 1.1ms | Allocations: 231)
Completed 200 OK in 419ms (Views: 329.9ms | ActiveRecord: 3.3ms | Allocations: 10862)


Started GET "/notifications" for ::1 at 2020-01-24 15:24:15 -0500
Processing by FriendshipsController#index as HTML
  [1m[36mUser Load (0.7ms)[0m  [1m[34mSELECT "users".* FROM "users" WHERE "users"."id" = $1 ORDER BY "users"."id" ASC LIMIT $2[0m  [["id", 1], ["LIMIT", 1]]
  ↳ app/controllers/friendships_controller.rb:30:in `index'
  [1m[36mFriendship Load (0.6ms)[0m  [1m[34mSELECT "friendships".* FROM "friendships" WHERE "friendships"."friend_id" = $1[0m  [["friend_id", 1]]
  ↳ app/models/user.rb:28:in `map'
  [1m[36mFriendship Load (0.5ms)[0m  [1m[34mSELECT "friendships".* FROM "friendships" WHERE "friendships"."user_id" = $1[0m  [["user_id", 1]]
  ↳ app/models/user.rb:32:in `map'
  [1m[36mUser Load (0.5ms)[0m  [1m[34mSELECT "users".* FROM "users" WHERE "users"."id" = $1 LIMIT $2[0m  [["id", 6], ["LIMIT", 1]]
  ↳ app/models/user.rb:32:in `block in pending_friends'
  Rendering friendships/index.html.erb within layouts/application
  Rendered friendships/index.html.erb within layouts/application (Duration: 0.4ms | Allocations: 19)
[Webpacker] Everything's up-to-date. Nothing to do
  Rendered layouts/_header.html.erb (Duration: 1.3ms | Allocations: 217)
Completed 200 OK in 179ms (Views: 150.1ms | ActiveRecord: 2.4ms | Allocations: 9950)


Started DELETE "/users/sign_out" for ::1 at 2020-01-24 15:24:17 -0500
Processing by Users::SessionsController#destroy as HTML
  Parameters: {"authenticity_token"=>"qPKQGjgjXDslKFzd05bPS2u/qSLXkwlWUUx9pc17Asx92PayKBqyMd50stecbCSok5OK7ZQYkQ2801f1Yftc2w=="}
  [1m[36mUser Load (0.6ms)[0m  [1m[34mSELECT "users".* FROM "users" WHERE "users"."id" = $1 ORDER BY "users"."id" ASC LIMIT $2[0m  [["id", 1], ["LIMIT", 1]]
Redirected to http://localhost:3000/
Completed 302 Found in 69ms (ActiveRecord: 0.6ms | Allocations: 3870)


Started GET "/" for ::1 at 2020-01-24 15:24:18 -0500
Started DELETE "/users/sign_out" for ::1 at 2020-01-24 15:24:19 -0500
Processing by StaticPagesController#home as HTML
  Rendering static_pages/home.html.erb within layouts/application
Processing by Users::SessionsController#destroy as HTML
  Parameters: {"authenticity_token"=>"qPKQGjgjXDslKFzd05bPS2u/qSLXkwlWUUx9pc17Asx92PayKBqyMd50stecbCSok5OK7ZQYkQ2801f1Yftc2w=="}
Redirected to http://localhost:3000/
Filter chain halted as :verify_signed_out_user rendered or redirected
Completed 302 Found in 8ms (ActiveRecord: 0.0ms | Allocations: 1502)


  Rendered static_pages/home.html.erb within layouts/application (Duration: 7.2ms | Allocations: 1459)
[Webpacker] Everything's up-to-date. Nothing to do
  Rendered layouts/_header.html.erb (Duration: 1.1ms | Allocations: 142)
Completed 200 OK in 240ms (Views: 230.6ms | ActiveRecord: 0.0ms | Allocations: 12387)


Started GET "/" for ::1 at 2020-01-24 15:24:20 -0500
Processing by StaticPagesController#home as HTML
  Rendering static_pages/home.html.erb within layouts/application
  Rendered static_pages/home.html.erb within layouts/application (Duration: 0.1ms | Allocations: 4)
[Webpacker] Everything's up-to-date. Nothing to do
  Rendered layouts/_header.html.erb (Duration: 1.1ms | Allocations: 128)
Completed 200 OK in 185ms (Views: 182.0ms | ActiveRecord: 0.0ms | Allocations: 6788)


Started GET "/users/sign_in" for ::1 at 2020-01-24 15:24:23 -0500
Processing by Users::SessionsController#new as HTML
  Rendering devise/sessions/new.html.erb within layouts/application
  Rendered devise/shared/_links.html.erb (Duration: 4.4ms | Allocations: 535)
  Rendered devise/sessions/new.html.erb within layouts/application (Duration: 77.4ms | Allocations: 1919)
[Webpacker] Everything's up-to-date. Nothing to do
  Rendered layouts/_header.html.erb (Duration: 0.6ms | Allocations: 98)
Completed 200 OK in 488ms (Views: 484.5ms | ActiveRecord: 0.0ms | Allocations: 10803)


Started POST "/users/sign_in" for ::1 at 2020-01-24 15:24:39 -0500
Processing by Users::SessionsController#create as HTML
  Parameters: {"utf8"=>"✓", "authenticity_token"=>"AKip07hD2NKpKRLsV5vBfnIerWyWUec2Se1nb8S16kcE+DIGvOoErK3kYjrqK+lQY1YOlTDocWSF3Ml3x7qe8g==", "user"=>{"email"=>"cristiano@gmail.com", "password"=>"[FILTERED]", "remember_me"=>"0"}, "commit"=>"Log in"}
  [1m[36mUser Load (0.9ms)[0m  [1m[34mSELECT "users".* FROM "users" WHERE "users"."email" = $1 ORDER BY "users"."id" ASC LIMIT $2[0m  [["email", "cristiano@gmail.com"], ["LIMIT", 1]]
Redirected to http://localhost:3000/
Completed 302 Found in 536ms (ActiveRecord: 0.9ms | Allocations: 5035)


Started GET "/" for ::1 at 2020-01-24 15:24:40 -0500
Processing by StaticPagesController#home as HTML
  Rendering static_pages/home.html.erb within layouts/application
  Rendered static_pages/home.html.erb within layouts/application (Duration: 0.1ms | Allocations: 4)
[Webpacker] Everything's up-to-date. Nothing to do
  [1m[36mUser Load (0.5ms)[0m  [1m[34mSELECT "users".* FROM "users" WHERE "users"."id" = $1 ORDER BY "users"."id" ASC LIMIT $2[0m  [["id", 2], ["LIMIT", 1]]
  ↳ app/views/layouts/_header.html.erb:3
  [1m[36mFriendship Load (0.6ms)[0m  [1m[34mSELECT "friendships".* FROM "friendships" WHERE "friendships"."friend_id" = $1[0m  [["friend_id", 2]]
  ↳ app/models/user.rb:28:in `map'
  Rendered layouts/_header.html.erb (Duration: 13.2ms | Allocations: 1922)
Completed 200 OK in 104ms (Views: 101.0ms | ActiveRecord: 1.0ms | Allocations: 8599)


Started GET "/posts" for ::1 at 2020-01-24 15:24:43 -0500
Processing by PostsController#index as HTML
  [1m[36mUser Load (0.4ms)[0m  [1m[34mSELECT "users".* FROM "users" WHERE "users"."id" = $1 ORDER BY "users"."id" ASC LIMIT $2[0m  [["id", 2], ["LIMIT", 1]]
  ↳ app/controllers/posts_controller.rb:7:in `index'
  [1m[36mFriendship Load (0.4ms)[0m  [1m[34mSELECT "friendships".* FROM "friendships" WHERE "friendships"."user_id" = $1[0m  [["user_id", 2]]
  ↳ app/models/user.rb:22:in `map'
  [1m[36mFriendship Load (0.4ms)[0m  [1m[34mSELECT "friendships".* FROM "friendships" WHERE "friendships"."friend_id" = $1[0m  [["friend_id", 2]]
  ↳ app/models/user.rb:23:in `map'
  [1m[36mUser Load (0.5ms)[0m  [1m[34mSELECT "users".* FROM "users" WHERE "users"."id" = $1 LIMIT $2[0m  [["id", 1], ["LIMIT", 1]]
  ↳ app/models/user.rb:23:in `block in friends'
  [1m[36mUser Load (0.4ms)[0m  [1m[34mSELECT "users".* FROM "users" WHERE "users"."id" = $1 LIMIT $2[0m  [["id", 5], ["LIMIT", 1]]
  ↳ app/models/user.rb:23:in `block in friends'
  [1m[36mPost Load (0.6ms)[0m  [1m[34mSELECT "posts".* FROM "posts" WHERE "posts"."user_id" = $1[0m  [["user_id", 1]]
  ↳ app/models/user.rb:36:in `flatten'
  [1m[36mPost Load (0.8ms)[0m  [1m[34mSELECT "posts".* FROM "posts" WHERE "posts"."user_id" = $1[0m  [["user_id", 2]]
  ↳ app/models/user.rb:37:in `show_post'
  Rendering posts/index.html.erb within layouts/application
  Rendered posts/index.html.erb within layouts/application (Duration: 0.5ms | Allocations: 50)
[Webpacker] Everything's up-to-date. Nothing to do
  Rendered layouts/_header.html.erb (Duration: 1.5ms | Allocations: 218)
Completed 200 OK in 162ms (Views: 127.4ms | ActiveRecord: 3.4ms | Allocations: 12004)


Started GET "/posts/new" for ::1 at 2020-01-24 15:24:50 -0500
Processing by PostsController#new as HTML
  [1m[36mUser Load (0.7ms)[0m  [1m[34mSELECT "users".* FROM "users" WHERE "users"."id" = $1 ORDER BY "users"."id" ASC LIMIT $2[0m  [["id", 2], ["LIMIT", 1]]
  ↳ app/controllers/posts_controller.rb:38:in `require_login'
  Rendering posts/new.html.erb within layouts/application
  Rendered posts/_form.html.erb (Duration: 1.3ms | Allocations: 698)
  Rendered posts/new.html.erb within layouts/application (Duration: 2.4ms | Allocations: 769)
[Webpacker] Everything's up-to-date. Nothing to do
  [1m[36mFriendship Load (0.7ms)[0m  [1m[34mSELECT "friendships".* FROM "friendships" WHERE "friendships"."friend_id" = $1[0m  [["friend_id", 2]]
  ↳ app/models/user.rb:28:in `map'
  Rendered layouts/_header.html.erb (Duration: 7.0ms | Allocations: 971)
Completed 200 OK in 137ms (Views: 127.7ms | ActiveRecord: 1.4ms | Allocations: 9253)


Started POST "/posts" for ::1 at 2020-01-24 15:25:16 -0500
Processing by PostsController#create as HTML
  Parameters: {"utf8"=>"✓", "authenticity_token"=>"MNP47+VYLygsOXQyJfg9U2w/tn6N/AdgBo8bevPGiZEuVlowDYtbOloudFerf3zs4wxc1MzXwL2migkFt0S3Kg==", "content"=>"Messi can see this post, but Gonsalo and another people doesn't\r\n", "commit"=>"Post"}
  [1m[36mUser Load (0.6ms)[0m  [1m[34mSELECT "users".* FROM "users" WHERE "users"."id" = $1 ORDER BY "users"."id" ASC LIMIT $2[0m  [["id", 2], ["LIMIT", 1]]
  ↳ app/controllers/posts_controller.rb:38:in `require_login'
  [1m[36mUser Load (0.4ms)[0m  [1m[34mSELECT "users".* FROM "users" WHERE "users"."id" = $1 LIMIT $2[0m  [["id", 2], ["LIMIT", 1]]
  ↳ app/controllers/posts_controller.rb:15:in `create'
[31mUnpermitted parameters: :utf8, :authenticity_token, :commit[0m
  [1m[35m (0.3ms)[0m  [1m[35mBEGIN[0m
  ↳ app/controllers/posts_controller.rb:18:in `create'
  [1m[36mPost Create (1.2ms)[0m  [1m[32mINSERT INTO "posts" ("content", "user_id", "created_at", "updated_at") VALUES ($1, $2, $3, $4) RETURNING "id"[0m  [["content", "Messi can see this post, but Gonsalo and another people doesn't\r\n"], ["user_id", 2], ["created_at", "2020-01-24 20:25:16.821769"], ["updated_at", "2020-01-24 20:25:16.821769"]]
  ↳ app/controllers/posts_controller.rb:18:in `create'
  [1m[35m (1.0ms)[0m  [1m[35mCOMMIT[0m
  ↳ app/controllers/posts_controller.rb:18:in `create'
Redirected to http://localhost:3000/posts
Completed 302 Found in 34ms (ActiveRecord: 3.6ms | Allocations: 5154)


Started GET "/posts" for ::1 at 2020-01-24 15:25:16 -0500
Processing by PostsController#index as HTML
  [1m[36mUser Load (0.6ms)[0m  [1m[34mSELECT "users".* FROM "users" WHERE "users"."id" = $1 ORDER BY "users"."id" ASC LIMIT $2[0m  [["id", 2], ["LIMIT", 1]]
  ↳ app/controllers/posts_controller.rb:7:in `index'
  [1m[36mFriendship Load (0.5ms)[0m  [1m[34mSELECT "friendships".* FROM "friendships" WHERE "friendships"."user_id" = $1[0m  [["user_id", 2]]
  ↳ app/models/user.rb:22:in `map'
  [1m[36mFriendship Load (0.8ms)[0m  [1m[34mSELECT "friendships".* FROM "friendships" WHERE "friendships"."friend_id" = $1[0m  [["friend_id", 2]]
  ↳ app/models/user.rb:23:in `map'
  [1m[36mUser Load (0.7ms)[0m  [1m[34mSELECT "users".* FROM "users" WHERE "users"."id" = $1 LIMIT $2[0m  [["id", 1], ["LIMIT", 1]]
  ↳ app/models/user.rb:23:in `block in friends'
  [1m[36mUser Load (0.7ms)[0m  [1m[34mSELECT "users".* FROM "users" WHERE "users"."id" = $1 LIMIT $2[0m  [["id", 5], ["LIMIT", 1]]
  ↳ app/models/user.rb:23:in `block in friends'
  [1m[36mPost Load (0.7ms)[0m  [1m[34mSELECT "posts".* FROM "posts" WHERE "posts"."user_id" = $1[0m  [["user_id", 1]]
  ↳ app/models/user.rb:36:in `flatten'
  [1m[36mPost Load (0.8ms)[0m  [1m[34mSELECT "posts".* FROM "posts" WHERE "posts"."user_id" = $1[0m  [["user_id", 2]]
  ↳ app/models/user.rb:37:in `show_post'
  Rendering posts/index.html.erb within layouts/application
  Rendered posts/index.html.erb within layouts/application (Duration: 1.2ms | Allocations: 78)
[Webpacker] Everything's up-to-date. Nothing to do
  Rendered layouts/_header.html.erb (Duration: 1.9ms | Allocations: 208)
Completed 200 OK in 221ms (Views: 170.7ms | ActiveRecord: 4.8ms | Allocations: 12070)


Started DELETE "/users/sign_out" for ::1 at 2020-01-24 15:25:29 -0500
Processing by Users::SessionsController#destroy as HTML
  Parameters: {"authenticity_token"=>"9LRlc+yO7h7SY0Pv8w/A75DyV/l2CtOxeR50JMrXwJHqMcesBF2aDKR0Q4p9iIFQH8G9UzchFGzZG2ZbjlX+Kg=="}
  [1m[36mUser Load (0.6ms)[0m  [1m[34mSELECT "users".* FROM "users" WHERE "users"."id" = $1 ORDER BY "users"."id" ASC LIMIT $2[0m  [["id", 2], ["LIMIT", 1]]
Redirected to http://localhost:3000/
Completed 302 Found in 16ms (ActiveRecord: 0.6ms | Allocations: 3138)


Started GET "/" for ::1 at 2020-01-24 15:25:30 -0500
Processing by StaticPagesController#home as HTML
  Rendering static_pages/home.html.erb within layouts/application
  Rendered static_pages/home.html.erb within layouts/application (Duration: 0.1ms | Allocations: 4)
[Webpacker] Everything's up-to-date. Nothing to do
  Rendered layouts/_header.html.erb (Duration: 0.9ms | Allocations: 130)
Completed 200 OK in 174ms (Views: 168.4ms | ActiveRecord: 0.0ms | Allocations: 6790)


Started GET "/users/sign_up" for ::1 at 2020-01-24 15:25:37 -0500
Processing by Users::RegistrationsController#new as HTML
  Rendering devise/registrations/new.html.erb within layouts/application
  Rendered devise/shared/_error_messages.html.erb (Duration: 2.5ms | Allocations: 210)
  Rendered devise/shared/_links.html.erb (Duration: 1.0ms | Allocations: 125)
  Rendered devise/registrations/new.html.erb within layouts/application (Duration: 150.0ms | Allocations: 3475)
[Webpacker] Everything's up-to-date. Nothing to do
  Rendered layouts/_header.html.erb (Duration: 0.7ms | Allocations: 98)
Completed 200 OK in 515ms (Views: 510.7ms | ActiveRecord: 0.0ms | Allocations: 11941)


Started POST "/users" for ::1 at 2020-01-24 15:26:09 -0500
Processing by Users::RegistrationsController#create as HTML
  Parameters: {"utf8"=>"✓", "authenticity_token"=>"/1bR6x1dC9sxHNr1eYXXlEGegRSW7fx0wuF+uQsZpGmX8fuKgl/PR2pimL8l+0C6WI9o8jlU1N67+mg7oQzQEg==", "user"=>{"first_name"=>"Random", "last_name"=>"RR", "date_birth"=>"2020-01-02", "gender"=>"male", "email"=>"random@gmail.com", "password"=>"[FILTERED]", "password_confirmation"=>"[FILTERED]"}, "commit"=>"Sign up"}
  [1m[35m (0.4ms)[0m  [1m[35mBEGIN[0m
  [1m[36mUser Exists? (1.4ms)[0m  [1m[34mSELECT 1 AS one FROM "users" WHERE "users"."email" = $1 LIMIT $2[0m  [["email", "random@gmail.com"], ["LIMIT", 1]]
  [1m[36mUser Create (1.1ms)[0m  [1m[32mINSERT INTO "users" ("email", "encrypted_password", "first_name", "last_name", "date_birth", "gender", "created_at", "updated_at") VALUES ($1, $2, $3, $4, $5, $6, $7, $8) RETURNING "id"[0m  [["email", "random@gmail.com"], ["encrypted_password", "$2a$11$aYG30lTkOrpiLoyip9P2kOx9TG0FpCNB59NP8PuWbCFZOELTt5UC."], ["first_name", "Random"], ["last_name", "RR"], ["date_birth", "2020-01-02"], ["gender", "male"], ["created_at", "2020-01-24 20:26:10.006335"], ["updated_at", "2020-01-24 20:26:10.006335"]]
  [1m[35m (0.8ms)[0m  [1m[35mCOMMIT[0m
Redirected to http://localhost:3000/
Completed 302 Found in 380ms (ActiveRecord: 3.7ms | Allocations: 9162)


Started GET "/" for ::1 at 2020-01-24 15:26:10 -0500
Processing by StaticPagesController#home as HTML
  Rendering static_pages/home.html.erb within layouts/application
  Rendered static_pages/home.html.erb within layouts/application (Duration: 0.1ms | Allocations: 4)
[Webpacker] Everything's up-to-date. Nothing to do
  [1m[36mUser Load (0.6ms)[0m  [1m[34mSELECT "users".* FROM "users" WHERE "users"."id" = $1 ORDER BY "users"."id" ASC LIMIT $2[0m  [["id", 7], ["LIMIT", 1]]
  ↳ app/views/layouts/_header.html.erb:3
  [1m[36mFriendship Load (1.1ms)[0m  [1m[34mSELECT "friendships".* FROM "friendships" WHERE "friendships"."friend_id" = $1[0m  [["friend_id", 7]]
  ↳ app/models/user.rb:28:in `map'
  Rendered layouts/_header.html.erb (Duration: 75.4ms | Allocations: 1877)
Completed 200 OK in 195ms (Views: 189.7ms | ActiveRecord: 1.7ms | Allocations: 8558)


Started GET "/posts" for ::1 at 2020-01-24 15:26:17 -0500
Processing by PostsController#index as HTML
  [1m[36mUser Load (0.4ms)[0m  [1m[34mSELECT "users".* FROM "users" WHERE "users"."id" = $1 ORDER BY "users"."id" ASC LIMIT $2[0m  [["id", 7], ["LIMIT", 1]]
  ↳ app/controllers/posts_controller.rb:7:in `index'
  [1m[36mFriendship Load (0.5ms)[0m  [1m[34mSELECT "friendships".* FROM "friendships" WHERE "friendships"."user_id" = $1[0m  [["user_id", 7]]
  ↳ app/models/user.rb:22:in `map'
  [1m[36mFriendship Load (0.4ms)[0m  [1m[34mSELECT "friendships".* FROM "friendships" WHERE "friendships"."friend_id" = $1[0m  [["friend_id", 7]]
  ↳ app/models/user.rb:23:in `map'
  [1m[36mPost Load (0.4ms)[0m  [1m[34mSELECT "posts".* FROM "posts" WHERE "posts"."user_id" = $1[0m  [["user_id", 7]]
  ↳ app/models/user.rb:37:in `show_post'
  Rendering posts/index.html.erb within layouts/application
  Rendered posts/index.html.erb within layouts/application (Duration: 0.1ms | Allocations: 4)
[Webpacker] Everything's up-to-date. Nothing to do
  Rendered layouts/_header.html.erb (Duration: 1.2ms | Allocations: 231)
Completed 200 OK in 131ms (Views: 110.1ms | ActiveRecord: 1.8ms | Allocations: 9799)


Started GET "/posts" for ::1 at 2020-01-24 15:26:20 -0500
Processing by PostsController#index as HTML
  [1m[36mUser Load (0.9ms)[0m  [1m[34mSELECT "users".* FROM "users" WHERE "users"."id" = $1 ORDER BY "users"."id" ASC LIMIT $2[0m  [["id", 7], ["LIMIT", 1]]
  ↳ app/controllers/posts_controller.rb:7:in `index'
  [1m[36mFriendship Load (0.6ms)[0m  [1m[34mSELECT "friendships".* FROM "friendships" WHERE "friendships"."user_id" = $1[0m  [["user_id", 7]]
  ↳ app/models/user.rb:22:in `map'
  [1m[36mFriendship Load (0.5ms)[0m  [1m[34mSELECT "friendships".* FROM "friendships" WHERE "friendships"."friend_id" = $1[0m  [["friend_id", 7]]
  ↳ app/models/user.rb:23:in `map'
  [1m[36mPost Load (0.6ms)[0m  [1m[34mSELECT "posts".* FROM "posts" WHERE "posts"."user_id" = $1[0m  [["user_id", 7]]
  ↳ app/models/user.rb:37:in `show_post'
  Rendering posts/index.html.erb within layouts/application
  Rendered posts/index.html.erb within layouts/application (Duration: 0.1ms | Allocations: 4)
[Webpacker] Everything's up-to-date. Nothing to do
  Rendered layouts/_header.html.erb (Duration: 5.6ms | Allocations: 217)
Completed 200 OK in 135ms (Views: 108.4ms | ActiveRecord: 2.5ms | Allocations: 9779)


Started GET "/friends" for ::1 at 2020-01-24 15:26:21 -0500
Processing by UsersController#friends as HTML
  [1m[36mUser Load (0.8ms)[0m  [1m[34mSELECT "users".* FROM "users" WHERE "users"."id" = $1 ORDER BY "users"."id" ASC LIMIT $2[0m  [["id", 7], ["LIMIT", 1]]
  ↳ app/controllers/users_controller.rb:14:in `friends'
  [1m[36mFriendship Load (0.5ms)[0m  [1m[34mSELECT "friendships".* FROM "friendships" WHERE "friendships"."user_id" = $1[0m  [["user_id", 7]]
  ↳ app/models/user.rb:22:in `map'
  [1m[36mFriendship Load (0.5ms)[0m  [1m[34mSELECT "friendships".* FROM "friendships" WHERE "friendships"."friend_id" = $1[0m  [["friend_id", 7]]
  ↳ app/models/user.rb:23:in `map'
  Rendering users/friends.html.erb within layouts/application
  Rendered users/friends.html.erb within layouts/application (Duration: 0.1ms | Allocations: 4)
[Webpacker] Everything's up-to-date. Nothing to do
  Rendered layouts/_header.html.erb (Duration: 1.0ms | Allocations: 231)
Completed 200 OK in 261ms (Views: 236.6ms | ActiveRecord: 1.7ms | Allocations: 9116)


Started GET "/users" for ::1 at 2020-01-24 15:26:23 -0500
Processing by UsersController#index as HTML
  Rendering users/index.html.erb within layouts/application
  [1m[36mUser Load (0.9ms)[0m  [1m[34mSELECT "users".* FROM "users"[0m
  ↳ app/helpers/users_helper.rb:15:in `search_users_list'
  [1m[36mUser Load (0.7ms)[0m  [1m[34mSELECT "users".* FROM "users" WHERE "users"."id" = $1 ORDER BY "users"."id" ASC LIMIT $2[0m  [["id", 7], ["LIMIT", 1]]
  ↳ app/helpers/users_helper.rb:16:in `block in search_users_list'
  [1m[36mFriendship Load (0.9ms)[0m  [1m[34mSELECT "friendships".* FROM "friendships" WHERE "friendships"."user_id" = $1[0m  [["user_id", 7]]
  ↳ app/models/user.rb:22:in `map'
  [1m[36mFriendship Load (0.7ms)[0m  [1m[34mSELECT "friendships".* FROM "friendships" WHERE "friendships"."friend_id" = $1[0m  [["friend_id", 7]]
  ↳ app/models/user.rb:23:in `map'
  Rendered users/index.html.erb within layouts/application (Duration: 32.2ms | Allocations: 3917)
[Webpacker] Everything's up-to-date. Nothing to do
  Rendered layouts/_header.html.erb (Duration: 4.8ms | Allocations: 208)
Completed 200 OK in 183ms (Views: 176.6ms | ActiveRecord: 3.2ms | Allocations: 10796)


Started GET "/notifications" for ::1 at 2020-01-24 15:26:25 -0500
Processing by FriendshipsController#index as HTML
  [1m[36mUser Load (0.5ms)[0m  [1m[34mSELECT "users".* FROM "users" WHERE "users"."id" = $1 ORDER BY "users"."id" ASC LIMIT $2[0m  [["id", 7], ["LIMIT", 1]]
  ↳ app/controllers/friendships_controller.rb:30:in `index'
  [1m[36mFriendship Load (0.4ms)[0m  [1m[34mSELECT "friendships".* FROM "friendships" WHERE "friendships"."friend_id" = $1[0m  [["friend_id", 7]]
  ↳ app/models/user.rb:28:in `map'
  [1m[36mFriendship Load (0.5ms)[0m  [1m[34mSELECT "friendships".* FROM "friendships" WHERE "friendships"."user_id" = $1[0m  [["user_id", 7]]
  ↳ app/models/user.rb:32:in `map'
  Rendering friendships/index.html.erb within layouts/application
  Rendered friendships/index.html.erb within layouts/application (Duration: 0.2ms | Allocations: 16)
[Webpacker] Everything's up-to-date. Nothing to do
  Rendered layouts/_header.html.erb (Duration: 0.9ms | Allocations: 231)
Completed 200 OK in 132ms (Views: 115.3ms | ActiveRecord: 1.3ms | Allocations: 9129)


Started GET "/posts/new" for ::1 at 2020-01-24 15:26:28 -0500
Processing by PostsController#new as HTML
  [1m[36mUser Load (0.8ms)[0m  [1m[34mSELECT "users".* FROM "users" WHERE "users"."id" = $1 ORDER BY "users"."id" ASC LIMIT $2[0m  [["id", 7], ["LIMIT", 1]]
  ↳ app/controllers/posts_controller.rb:38:in `require_login'
  Rendering posts/new.html.erb within layouts/application
  Rendered posts/_form.html.erb (Duration: 1.3ms | Allocations: 698)
  Rendered posts/new.html.erb within layouts/application (Duration: 2.7ms | Allocations: 769)
[Webpacker] Everything's up-to-date. Nothing to do
  [1m[36mFriendship Load (0.5ms)[0m  [1m[34mSELECT "friendships".* FROM "friendships" WHERE "friendships"."friend_id" = $1[0m  [["friend_id", 7]]
  ↳ app/models/user.rb:28:in `map'
  Rendered layouts/_header.html.erb (Duration: 7.9ms | Allocations: 925)
Completed 200 OK in 154ms (Views: 143.3ms | ActiveRecord: 1.3ms | Allocations: 9207)


Started POST "/posts" for ::1 at 2020-01-24 15:26:39 -0500
Processing by PostsController#create as HTML
  Parameters: {"utf8"=>"✓", "authenticity_token"=>"lehUXgX+I6/Fr6TdW3X5gllqv9hsGgCQTjMbCR6UEKb9T34/mvznM57R5pcHC26sQHtWPsOjKDo3KA2LtIFk3Q==", "content"=>"Post most recent", "commit"=>"Post"}
  [1m[36mUser Load (0.7ms)[0m  [1m[34mSELECT "users".* FROM "users" WHERE "users"."id" = $1 ORDER BY "users"."id" ASC LIMIT $2[0m  [["id", 7], ["LIMIT", 1]]
  ↳ app/controllers/posts_controller.rb:38:in `require_login'
  [1m[36mUser Load (0.5ms)[0m  [1m[34mSELECT "users".* FROM "users" WHERE "users"."id" = $1 LIMIT $2[0m  [["id", 7], ["LIMIT", 1]]
  ↳ app/controllers/posts_controller.rb:15:in `create'
[31mUnpermitted parameters: :utf8, :authenticity_token, :commit[0m
  [1m[35m (0.6ms)[0m  [1m[35mBEGIN[0m
  ↳ app/controllers/posts_controller.rb:18:in `create'
  [1m[36mPost Create (1.3ms)[0m  [1m[32mINSERT INTO "posts" ("content", "user_id", "created_at", "updated_at") VALUES ($1, $2, $3, $4) RETURNING "id"[0m  [["content", "Post most recent"], ["user_id", 7], ["created_at", "2020-01-24 20:26:39.663906"], ["updated_at", "2020-01-24 20:26:39.663906"]]
  ↳ app/controllers/posts_controller.rb:18:in `create'
  [1m[35m (2.1ms)[0m  [1m[35mCOMMIT[0m
  ↳ app/controllers/posts_controller.rb:18:in `create'
Redirected to http://localhost:3000/posts
Completed 302 Found in 62ms (ActiveRecord: 5.2ms | Allocations: 5155)


Started GET "/posts" for ::1 at 2020-01-24 15:26:39 -0500
Processing by PostsController#index as HTML
  [1m[36mUser Load (0.7ms)[0m  [1m[34mSELECT "users".* FROM "users" WHERE "users"."id" = $1 ORDER BY "users"."id" ASC LIMIT $2[0m  [["id", 7], ["LIMIT", 1]]
  ↳ app/controllers/posts_controller.rb:7:in `index'
  [1m[36mFriendship Load (0.5ms)[0m  [1m[34mSELECT "friendships".* FROM "friendships" WHERE "friendships"."user_id" = $1[0m  [["user_id", 7]]
  ↳ app/models/user.rb:22:in `map'
  [1m[36mFriendship Load (0.7ms)[0m  [1m[34mSELECT "friendships".* FROM "friendships" WHERE "friendships"."friend_id" = $1[0m  [["friend_id", 7]]
  ↳ app/models/user.rb:23:in `map'
  [1m[36mPost Load (0.7ms)[0m  [1m[34mSELECT "posts".* FROM "posts" WHERE "posts"."user_id" = $1[0m  [["user_id", 7]]
  ↳ app/models/user.rb:37:in `show_post'
  Rendering posts/index.html.erb within layouts/application
  Rendered posts/index.html.erb within layouts/application (Duration: 0.8ms | Allocations: 46)
[Webpacker] Everything's up-to-date. Nothing to do
  Rendered layouts/_header.html.erb (Duration: 2.2ms | Allocations: 208)
Completed 200 OK in 346ms (Views: 261.4ms | ActiveRecord: 2.6ms | Allocations: 9868)


Started GET "/friends" for ::1 at 2020-01-24 15:26:43 -0500
Processing by UsersController#friends as HTML
  [1m[36mUser Load (0.5ms)[0m  [1m[34mSELECT "users".* FROM "users" WHERE "users"."id" = $1 ORDER BY "users"."id" ASC LIMIT $2[0m  [["id", 7], ["LIMIT", 1]]
  ↳ app/controllers/users_controller.rb:14:in `friends'
  [1m[36mFriendship Load (0.7ms)[0m  [1m[34mSELECT "friendships".* FROM "friendships" WHERE "friendships"."user_id" = $1[0m  [["user_id", 7]]
  ↳ app/models/user.rb:22:in `map'
  [1m[36mFriendship Load (0.5ms)[0m  [1m[34mSELECT "friendships".* FROM "friendships" WHERE "friendships"."friend_id" = $1[0m  [["friend_id", 7]]
  ↳ app/models/user.rb:23:in `map'
  Rendering users/friends.html.erb within layouts/application
  Rendered users/friends.html.erb within layouts/application (Duration: 0.1ms | Allocations: 4)
[Webpacker] Everything's up-to-date. Nothing to do
  Rendered layouts/_header.html.erb (Duration: 27.2ms | Allocations: 217)
Completed 200 OK in 454ms (Views: 434.4ms | ActiveRecord: 1.7ms | Allocations: 9092)


Started GET "/posts" for ::1 at 2020-01-24 15:26:46 -0500
Processing by PostsController#index as HTML
  [1m[36mUser Load (0.7ms)[0m  [1m[34mSELECT "users".* FROM "users" WHERE "users"."id" = $1 ORDER BY "users"."id" ASC LIMIT $2[0m  [["id", 7], ["LIMIT", 1]]
  ↳ app/controllers/posts_controller.rb:7:in `index'
  [1m[36mFriendship Load (0.4ms)[0m  [1m[34mSELECT "friendships".* FROM "friendships" WHERE "friendships"."user_id" = $1[0m  [["user_id", 7]]
  ↳ app/models/user.rb:22:in `map'
  [1m[36mFriendship Load (0.6ms)[0m  [1m[34mSELECT "friendships".* FROM "friendships" WHERE "friendships"."friend_id" = $1[0m  [["friend_id", 7]]
  ↳ app/models/user.rb:23:in `map'
  [1m[36mPost Load (0.8ms)[0m  [1m[34mSELECT "posts".* FROM "posts" WHERE "posts"."user_id" = $1[0m  [["user_id", 7]]
  ↳ app/models/user.rb:37:in `show_post'
  Rendering posts/index.html.erb within layouts/application
  Rendered posts/index.html.erb within layouts/application (Duration: 0.5ms | Allocations: 45)
[Webpacker] Everything's up-to-date. Nothing to do
  Rendered layouts/_header.html.erb (Duration: 1.3ms | Allocations: 208)
Completed 200 OK in 107ms (Views: 81.7ms | ActiveRecord: 2.5ms | Allocations: 9838)


Started GET "/posts/5" for ::1 at 2020-01-24 15:26:48 -0500
Processing by PostsController#show as HTML
  Parameters: {"id"=>"5"}
  [1m[36mPost Load (0.6ms)[0m  [1m[34mSELECT "posts".* FROM "posts" WHERE "posts"."id" = $1 LIMIT $2[0m  [["id", 5], ["LIMIT", 1]]
  ↳ app/controllers/posts_controller.rb:28:in `show'
  Rendering posts/show.html.erb within layouts/application
  [1m[36mUser Load (0.8ms)[0m  [1m[34mSELECT "users".* FROM "users" WHERE "users"."id" = $1 LIMIT $2[0m  [["id", 7], ["LIMIT", 1]]
  ↳ app/views/posts/show.html.erb:6
  [1m[36mUser Load (0.6ms)[0m  [1m[34mSELECT "users".* FROM "users" WHERE "users"."id" = $1 ORDER BY "users"."id" ASC LIMIT $2[0m  [["id", 7], ["LIMIT", 1]]
  ↳ app/helpers/posts_helper.rb:5:in `find_user_post'
  [1m[36mLike Load (11.1ms)[0m  [1m[34mSELECT "likes".* FROM "likes" WHERE "likes"."post_id" = $1 AND "likes"."user_id" = $2 LIMIT $3[0m  [["post_id", 5], ["user_id", 7], ["LIMIT", 1]]
  ↳ app/helpers/posts_helper.rb:5:in `find_user_post'
  [1m[35m (1.1ms)[0m  [1m[34mSELECT COUNT(*) FROM "likes" WHERE "likes"."post_id" = $1[0m  [["post_id", 5]]
  ↳ app/views/posts/show.html.erb:23
  [1m[36mComment Load (9.7ms)[0m  [1m[34mSELECT "comments".* FROM "comments" WHERE "comments"."post_id" = $1 ORDER BY "comments"."created_at" DESC[0m  [["post_id", 5]]
  ↳ app/views/posts/show.html.erb:38
  Rendered posts/show.html.erb within layouts/application (Duration: 267.0ms | Allocations: 16728)
[Webpacker] Everything's up-to-date. Nothing to do
  [1m[36mFriendship Load (0.8ms)[0m  [1m[34mSELECT "friendships".* FROM "friendships" WHERE "friendships"."friend_id" = $1[0m  [["friend_id", 7]]
  ↳ app/models/user.rb:28:in `map'
  Rendered layouts/_header.html.erb (Duration: 13.1ms | Allocations: 935)
Completed 200 OK in 509ms (Views: 448.6ms | ActiveRecord: 49.1ms | Allocations: 25096)


Started POST "/posts/5/likes" for ::1 at 2020-01-24 15:26:51 -0500
Processing by LikesController#create as HTML
  Parameters: {"utf8"=>"✓", "authenticity_token"=>"8LaNbO2DkFJRBL4ZnYc/NykqwSwilL64EbkcZA8YxLWYEacNcoFUzgp6/FPB+agZMDsoyo0tlhJoogrmpQ2wzg==", "commit"=>"like", "post_id"=>"5"}
  [1m[36mPost Load (0.8ms)[0m  [1m[34mSELECT "posts".* FROM "posts" WHERE "posts"."id" = $1 LIMIT $2[0m  [["id", 5], ["LIMIT", 1]]
  ↳ app/controllers/likes_controller.rb:11:in `create'
  [1m[36mUser Load (0.6ms)[0m  [1m[34mSELECT "users".* FROM "users" WHERE "users"."id" = $1 ORDER BY "users"."id" ASC LIMIT $2[0m  [["id", 7], ["LIMIT", 1]]
  ↳ app/controllers/likes_controller.rb:12:in `create'
  [1m[35m (0.4ms)[0m  [1m[35mBEGIN[0m
  ↳ app/controllers/likes_controller.rb:12:in `create'
  [1m[36mLike Create (3.0ms)[0m  [1m[32mINSERT INTO "likes" ("user_id", "post_id", "created_at", "updated_at") VALUES ($1, $2, $3, $4) RETURNING "id"[0m  [["user_id", 7], ["post_id", 5], ["created_at", "2020-01-24 20:26:51.380093"], ["updated_at", "2020-01-24 20:26:51.380093"]]
  ↳ app/controllers/likes_controller.rb:12:in `create'
  [1m[35m (0.7ms)[0m  [1m[35mCOMMIT[0m
  ↳ app/controllers/likes_controller.rb:12:in `create'
Redirected to http://localhost:3000/posts/5
Completed 302 Found in 177ms (ActiveRecord: 5.5ms | Allocations: 5994)


Started GET "/posts/5" for ::1 at 2020-01-24 15:26:51 -0500
Processing by PostsController#show as HTML
  Parameters: {"id"=>"5"}
  [1m[36mPost Load (0.8ms)[0m  [1m[34mSELECT "posts".* FROM "posts" WHERE "posts"."id" = $1 LIMIT $2[0m  [["id", 5], ["LIMIT", 1]]
  ↳ app/controllers/posts_controller.rb:28:in `show'
  Rendering posts/show.html.erb within layouts/application
  [1m[36mUser Load (0.4ms)[0m  [1m[34mSELECT "users".* FROM "users" WHERE "users"."id" = $1 LIMIT $2[0m  [["id", 7], ["LIMIT", 1]]
  ↳ app/views/posts/show.html.erb:6
  [1m[36mUser Load (0.6ms)[0m  [1m[34mSELECT "users".* FROM "users" WHERE "users"."id" = $1 ORDER BY "users"."id" ASC LIMIT $2[0m  [["id", 7], ["LIMIT", 1]]
  ↳ app/helpers/posts_helper.rb:5:in `find_user_post'
  [1m[36mLike Load (0.6ms)[0m  [1m[34mSELECT "likes".* FROM "likes" WHERE "likes"."post_id" = $1 AND "likes"."user_id" = $2 LIMIT $3[0m  [["post_id", 5], ["user_id", 7], ["LIMIT", 1]]
  ↳ app/helpers/posts_helper.rb:5:in `find_user_post'
  [1m[36mCACHE Like Load (0.0ms)[0m  [1m[34mSELECT "likes".* FROM "likes" WHERE "likes"."post_id" = $1 AND "likes"."user_id" = $2 LIMIT $3[0m  [["post_id", 5], ["user_id", 7], ["LIMIT", 1]]
  ↳ app/helpers/posts_helper.rb:5:in `find_user_post'
  [1m[35m (1.6ms)[0m  [1m[34mSELECT COUNT(*) FROM "likes" WHERE "likes"."post_id" = $1[0m  [["post_id", 5]]
  ↳ app/views/posts/show.html.erb:23
  [1m[36mComment Load (0.8ms)[0m  [1m[34mSELECT "comments".* FROM "comments" WHERE "comments"."post_id" = $1 ORDER BY "comments"."created_at" DESC[0m  [["post_id", 5]]
  ↳ app/views/posts/show.html.erb:38
  Rendered posts/show.html.erb within layouts/application (Duration: 52.7ms | Allocations: 5179)
[Webpacker] Everything's up-to-date. Nothing to do
  [1m[36mFriendship Load (0.5ms)[0m  [1m[34mSELECT "friendships".* FROM "friendships" WHERE "friendships"."friend_id" = $1[0m  [["friend_id", 7]]
  ↳ app/models/user.rb:28:in `map'
  Rendered layouts/_header.html.erb (Duration: 8.5ms | Allocations: 925)
Completed 200 OK in 176ms (Views: 165.0ms | ActiveRecord: 5.4ms | Allocations: 13324)


Started GET "/users" for ::1 at 2020-01-24 15:26:59 -0500
Processing by UsersController#index as HTML
  Rendering users/index.html.erb within layouts/application
  [1m[36mUser Load (0.6ms)[0m  [1m[34mSELECT "users".* FROM "users"[0m
  ↳ app/helpers/users_helper.rb:15:in `search_users_list'
  [1m[36mUser Load (0.5ms)[0m  [1m[34mSELECT "users".* FROM "users" WHERE "users"."id" = $1 ORDER BY "users"."id" ASC LIMIT $2[0m  [["id", 7], ["LIMIT", 1]]
  ↳ app/helpers/users_helper.rb:16:in `block in search_users_list'
  [1m[36mFriendship Load (0.3ms)[0m  [1m[34mSELECT "friendships".* FROM "friendships" WHERE "friendships"."user_id" = $1[0m  [["user_id", 7]]
  ↳ app/models/user.rb:22:in `map'
  [1m[36mFriendship Load (0.4ms)[0m  [1m[34mSELECT "friendships".* FROM "friendships" WHERE "friendships"."friend_id" = $1[0m  [["friend_id", 7]]
  ↳ app/models/user.rb:23:in `map'
  Rendered users/index.html.erb within layouts/application (Duration: 19.5ms | Allocations: 3925)
[Webpacker] Everything's up-to-date. Nothing to do
  Rendered layouts/_header.html.erb (Duration: 0.5ms | Allocations: 216)
Completed 200 OK in 104ms (Views: 100.1ms | ActiveRecord: 1.9ms | Allocations: 10817)


Started POST "/friendships" for ::1 at 2020-01-24 15:27:01 -0500
Processing by FriendshipsController#create as HTML
  Parameters: {"utf8"=>"✓", "authenticity_token"=>"mdR2x9fTN3ds61Kz6MSOxDueihnOOV+kIrQOltlmm63xc1ymSNHz6zeVEPm0uhnqIo9j/2GAdw5brxgUc3Pv1g==", "friendship"=>{"friend_id"=>"1"}, "commit"=>"Add Friend"}
  [1m[36mUser Load (0.5ms)[0m  [1m[34mSELECT "users".* FROM "users" WHERE "users"."id" = $1 LIMIT $2[0m  [["id", 1], ["LIMIT", 1]]
  ↳ app/controllers/friendships_controller.rb:72:in `friendship_exists'
  [1m[36mUser Load (0.6ms)[0m  [1m[34mSELECT "users".* FROM "users" WHERE "users"."id" = $1 ORDER BY "users"."id" ASC LIMIT $2[0m  [["id", 7], ["LIMIT", 1]]
  ↳ app/controllers/friendships_controller.rb:73:in `friendship_exists'
  [1m[36mFriendship Load (0.7ms)[0m  [1m[34mSELECT "friendships".* FROM "friendships" WHERE "friendships"."friend_id" = $1 AND "friendships"."user_id" = $2 AND "friendships"."friend_id" = $3 LIMIT $4[0m  [["friend_id", 7], ["user_id", 1], ["friend_id", 7], ["LIMIT", 1]]
  ↳ app/controllers/friendships_controller.rb:75:in `friendship_exists'
  [1m[36mFriendship Load (0.8ms)[0m  [1m[34mSELECT "friendships".* FROM "friendships" WHERE "friendships"."user_id" = $1 AND "friendships"."user_id" = $2 AND "friendships"."friend_id" = $3 LIMIT $4[0m  [["user_id", 1], ["user_id", 1], ["friend_id", 7], ["LIMIT", 1]]
  ↳ app/controllers/friendships_controller.rb:76:in `friendship_exists'
  [1m[36mCACHE User Load (0.0ms)[0m  [1m[34mSELECT "users".* FROM "users" WHERE "users"."id" = $1 LIMIT $2[0m  [["id", 1], ["LIMIT", 1]]
  ↳ app/controllers/friendships_controller.rb:11:in `create'
  [1m[35m (0.5ms)[0m  [1m[35mBEGIN[0m
  ↳ app/controllers/friendships_controller.rb:17:in `create'
  [1m[36mFriendship Create (1.5ms)[0m  [1m[32mINSERT INTO "friendships" ("user_id", "friend_id", "created_at", "updated_at") VALUES ($1, $2, $3, $4) RETURNING "id"[0m  [["user_id", 7], ["friend_id", 1], ["created_at", "2020-01-24 20:27:01.550945"], ["updated_at", "2020-01-24 20:27:01.550945"]]
  ↳ app/controllers/friendships_controller.rb:17:in `create'
  [1m[35m (1.0ms)[0m  [1m[35mCOMMIT[0m
  ↳ app/controllers/friendships_controller.rb:17:in `create'
Redirected to http://localhost:3000/notifications
Completed 302 Found in 112ms (ActiveRecord: 5.8ms | Allocations: 7309)


Started GET "/notifications" for ::1 at 2020-01-24 15:27:01 -0500
Processing by FriendshipsController#index as HTML
  [1m[36mUser Load (0.5ms)[0m  [1m[34mSELECT "users".* FROM "users" WHERE "users"."id" = $1 ORDER BY "users"."id" ASC LIMIT $2[0m  [["id", 7], ["LIMIT", 1]]
  ↳ app/controllers/friendships_controller.rb:30:in `index'
  [1m[36mFriendship Load (0.6ms)[0m  [1m[34mSELECT "friendships".* FROM "friendships" WHERE "friendships"."friend_id" = $1[0m  [["friend_id", 7]]
  ↳ app/models/user.rb:28:in `map'
  [1m[36mFriendship Load (0.6ms)[0m  [1m[34mSELECT "friendships".* FROM "friendships" WHERE "friendships"."user_id" = $1[0m  [["user_id", 7]]
  ↳ app/models/user.rb:32:in `map'
  [1m[36mUser Load (0.5ms)[0m  [1m[34mSELECT "users".* FROM "users" WHERE "users"."id" = $1 LIMIT $2[0m  [["id", 1], ["LIMIT", 1]]
  ↳ app/models/user.rb:32:in `block in pending_friends'
  Rendering friendships/index.html.erb within layouts/application
  Rendered friendships/index.html.erb within layouts/application (Duration: 0.3ms | Allocations: 19)
[Webpacker] Everything's up-to-date. Nothing to do
  Rendered layouts/_header.html.erb (Duration: 9.1ms | Allocations: 231)
Completed 200 OK in 245ms (Views: 220.7ms | ActiveRecord: 2.2ms | Allocations: 9915)


Started GET "/users" for ::1 at 2020-01-24 15:27:04 -0500
Processing by UsersController#index as HTML
  Rendering users/index.html.erb within layouts/application
  [1m[36mUser Load (0.8ms)[0m  [1m[34mSELECT "users".* FROM "users"[0m
  ↳ app/helpers/users_helper.rb:15:in `search_users_list'
  [1m[36mUser Load (0.6ms)[0m  [1m[34mSELECT "users".* FROM "users" WHERE "users"."id" = $1 ORDER BY "users"."id" ASC LIMIT $2[0m  [["id", 7], ["LIMIT", 1]]
  ↳ app/helpers/users_helper.rb:16:in `block in search_users_list'
  [1m[36mFriendship Load (0.6ms)[0m  [1m[34mSELECT "friendships".* FROM "friendships" WHERE "friendships"."user_id" = $1[0m  [["user_id", 7]]
  ↳ app/models/user.rb:22:in `map'
  [1m[36mFriendship Load (0.5ms)[0m  [1m[34mSELECT "friendships".* FROM "friendships" WHERE "friendships"."friend_id" = $1[0m  [["friend_id", 7]]
  ↳ app/models/user.rb:23:in `map'
  Rendered users/index.html.erb within layouts/application (Duration: 28.7ms | Allocations: 3940)
[Webpacker] Everything's up-to-date. Nothing to do
  Rendered layouts/_header.html.erb (Duration: 1.0ms | Allocations: 208)
Completed 200 OK in 311ms (Views: 303.9ms | ActiveRecord: 2.5ms | Allocations: 10819)


Started POST "/friendships" for ::1 at 2020-01-24 15:27:06 -0500
Processing by FriendshipsController#create as HTML
  Parameters: {"utf8"=>"✓", "authenticity_token"=>"8/ED/dWYV9wTMQvFUDaKKnanviptbAKrPLwg5YSJ6e+bVimcSpqTQEhPSY8MSB0Eb7ZXzMLVKgFFpzZnLpydlA==", "friendship"=>{"friend_id"=>"2"}, "commit"=>"Add Friend"}
  [1m[36mUser Load (0.5ms)[0m  [1m[34mSELECT "users".* FROM "users" WHERE "users"."id" = $1 LIMIT $2[0m  [["id", 2], ["LIMIT", 1]]
  ↳ app/controllers/friendships_controller.rb:72:in `friendship_exists'
  [1m[36mUser Load (0.5ms)[0m  [1m[34mSELECT "users".* FROM "users" WHERE "users"."id" = $1 ORDER BY "users"."id" ASC LIMIT $2[0m  [["id", 7], ["LIMIT", 1]]
  ↳ app/controllers/friendships_controller.rb:73:in `friendship_exists'
  [1m[36mFriendship Load (1.0ms)[0m  [1m[34mSELECT "friendships".* FROM "friendships" WHERE "friendships"."friend_id" = $1 AND "friendships"."user_id" = $2 AND "friendships"."friend_id" = $3 LIMIT $4[0m  [["friend_id", 7], ["user_id", 2], ["friend_id", 7], ["LIMIT", 1]]
  ↳ app/controllers/friendships_controller.rb:75:in `friendship_exists'
  [1m[36mFriendship Load (0.8ms)[0m  [1m[34mSELECT "friendships".* FROM "friendships" WHERE "friendships"."user_id" = $1 AND "friendships"."user_id" = $2 AND "friendships"."friend_id" = $3 LIMIT $4[0m  [["user_id", 2], ["user_id", 2], ["friend_id", 7], ["LIMIT", 1]]
  ↳ app/controllers/friendships_controller.rb:76:in `friendship_exists'
  [1m[36mCACHE User Load (0.0ms)[0m  [1m[34mSELECT "users".* FROM "users" WHERE "users"."id" = $1 LIMIT $2[0m  [["id", 2], ["LIMIT", 1]]
  ↳ app/controllers/friendships_controller.rb:11:in `create'
  [1m[35m (0.6ms)[0m  [1m[35mBEGIN[0m
  ↳ app/controllers/friendships_controller.rb:17:in `create'
  [1m[36mFriendship Create (0.8ms)[0m  [1m[32mINSERT INTO "friendships" ("user_id", "friend_id", "created_at", "updated_at") VALUES ($1, $2, $3, $4) RETURNING "id"[0m  [["user_id", 7], ["friend_id", 2], ["created_at", "2020-01-24 20:27:07.147578"], ["updated_at", "2020-01-24 20:27:07.147578"]]
  ↳ app/controllers/friendships_controller.rb:17:in `create'
  [1m[35m (0.7ms)[0m  [1m[35mCOMMIT[0m
  ↳ app/controllers/friendships_controller.rb:17:in `create'
Redirected to http://localhost:3000/notifications
Completed 302 Found in 59ms (ActiveRecord: 4.9ms | Allocations: 7309)


Started GET "/notifications" for ::1 at 2020-01-24 15:27:07 -0500
Processing by FriendshipsController#index as HTML
  [1m[36mUser Load (0.4ms)[0m  [1m[34mSELECT "users".* FROM "users" WHERE "users"."id" = $1 ORDER BY "users"."id" ASC LIMIT $2[0m  [["id", 7], ["LIMIT", 1]]
  ↳ app/controllers/friendships_controller.rb:30:in `index'
  [1m[36mFriendship Load (0.5ms)[0m  [1m[34mSELECT "friendships".* FROM "friendships" WHERE "friendships"."friend_id" = $1[0m  [["friend_id", 7]]
  ↳ app/models/user.rb:28:in `map'
  [1m[36mFriendship Load (0.5ms)[0m  [1m[34mSELECT "friendships".* FROM "friendships" WHERE "friendships"."user_id" = $1[0m  [["user_id", 7]]
  ↳ app/models/user.rb:32:in `map'
  [1m[36mUser Load (0.8ms)[0m  [1m[34mSELECT "users".* FROM "users" WHERE "users"."id" = $1 LIMIT $2[0m  [["id", 1], ["LIMIT", 1]]
  ↳ app/models/user.rb:32:in `block in pending_friends'
  [1m[36mUser Load (0.6ms)[0m  [1m[34mSELECT "users".* FROM "users" WHERE "users"."id" = $1 LIMIT $2[0m  [["id", 2], ["LIMIT", 1]]
  ↳ app/models/user.rb:32:in `block in pending_friends'
  Rendering friendships/index.html.erb within layouts/application
  Rendered friendships/index.html.erb within layouts/application (Duration: 0.5ms | Allocations: 22)
[Webpacker] Everything's up-to-date. Nothing to do
  Rendered layouts/_header.html.erb (Duration: 1.3ms | Allocations: 217)
Completed 200 OK in 174ms (Views: 130.4ms | ActiveRecord: 2.9ms | Allocations: 10654)


Started GET "/users" for ::1 at 2020-01-24 15:27:10 -0500
Processing by UsersController#index as HTML
  Rendering users/index.html.erb within layouts/application
  [1m[36mUser Load (0.9ms)[0m  [1m[34mSELECT "users".* FROM "users"[0m
  ↳ app/helpers/users_helper.rb:15:in `search_users_list'
  [1m[36mUser Load (0.6ms)[0m  [1m[34mSELECT "users".* FROM "users" WHERE "users"."id" = $1 ORDER BY "users"."id" ASC LIMIT $2[0m  [["id", 7], ["LIMIT", 1]]
  ↳ app/helpers/users_helper.rb:16:in `block in search_users_list'
  [1m[36mFriendship Load (0.6ms)[0m  [1m[34mSELECT "friendships".* FROM "friendships" WHERE "friendships"."user_id" = $1[0m  [["user_id", 7]]
  ↳ app/models/user.rb:22:in `map'
  [1m[36mFriendship Load (0.5ms)[0m  [1m[34mSELECT "friendships".* FROM "friendships" WHERE "friendships"."friend_id" = $1[0m  [["friend_id", 7]]
  ↳ app/models/user.rb:23:in `map'
  Rendered users/index.html.erb within layouts/application (Duration: 27.4ms | Allocations: 3968)
[Webpacker] Everything's up-to-date. Nothing to do
  Rendered layouts/_header.html.erb (Duration: 1.8ms | Allocations: 208)
Completed 200 OK in 176ms (Views: 168.1ms | ActiveRecord: 2.6ms | Allocations: 10847)


Started POST "/friendships" for ::1 at 2020-01-24 15:27:12 -0500
Processing by FriendshipsController#create as HTML
  Parameters: {"utf8"=>"✓", "authenticity_token"=>"QFD72u/nWnFH0rMTDBj4iE3y1BPT5Nmc8OQfjat+qUco99G7cOWe7Rys8VlQZm+mVOM99Xxd8TaJ/wkPAWvdPA==", "friendship"=>{"friend_id"=>"6"}, "commit"=>"Add Friend"}
  [1m[36mUser Load (0.4ms)[0m  [1m[34mSELECT "users".* FROM "users" WHERE "users"."id" = $1 LIMIT $2[0m  [["id", 6], ["LIMIT", 1]]
  ↳ app/controllers/friendships_controller.rb:72:in `friendship_exists'
  [1m[36mUser Load (0.4ms)[0m  [1m[34mSELECT "users".* FROM "users" WHERE "users"."id" = $1 ORDER BY "users"."id" ASC LIMIT $2[0m  [["id", 7], ["LIMIT", 1]]
  ↳ app/controllers/friendships_controller.rb:73:in `friendship_exists'
  [1m[36mFriendship Load (0.6ms)[0m  [1m[34mSELECT "friendships".* FROM "friendships" WHERE "friendships"."friend_id" = $1 AND "friendships"."user_id" = $2 AND "friendships"."friend_id" = $3 LIMIT $4[0m  [["friend_id", 7], ["user_id", 6], ["friend_id", 7], ["LIMIT", 1]]
  ↳ app/controllers/friendships_controller.rb:75:in `friendship_exists'
  [1m[36mFriendship Load (1.2ms)[0m  [1m[34mSELECT "friendships".* FROM "friendships" WHERE "friendships"."user_id" = $1 AND "friendships"."user_id" = $2 AND "friendships"."friend_id" = $3 LIMIT $4[0m  [["user_id", 6], ["user_id", 6], ["friend_id", 7], ["LIMIT", 1]]
  ↳ app/controllers/friendships_controller.rb:76:in `friendship_exists'
  [1m[36mCACHE User Load (0.0ms)[0m  [1m[34mSELECT "users".* FROM "users" WHERE "users"."id" = $1 LIMIT $2[0m  [["id", 6], ["LIMIT", 1]]
  ↳ app/controllers/friendships_controller.rb:11:in `create'
  [1m[35m (0.3ms)[0m  [1m[35mBEGIN[0m
  ↳ app/controllers/friendships_controller.rb:17:in `create'
  [1m[36mFriendship Create (1.1ms)[0m  [1m[32mINSERT INTO "friendships" ("user_id", "friend_id", "created_at", "updated_at") VALUES ($1, $2, $3, $4) RETURNING "id"[0m  [["user_id", 7], ["friend_id", 6], ["created_at", "2020-01-24 20:27:12.729762"], ["updated_at", "2020-01-24 20:27:12.729762"]]
  ↳ app/controllers/friendships_controller.rb:17:in `create'
  [1m[35m (0.8ms)[0m  [1m[35mCOMMIT[0m
  ↳ app/controllers/friendships_controller.rb:17:in `create'
Redirected to http://localhost:3000/notifications
Completed 302 Found in 48ms (ActiveRecord: 4.7ms | Allocations: 7310)


Started GET "/notifications" for ::1 at 2020-01-24 15:27:12 -0500
Processing by FriendshipsController#index as HTML
  [1m[36mUser Load (0.6ms)[0m  [1m[34mSELECT "users".* FROM "users" WHERE "users"."id" = $1 ORDER BY "users"."id" ASC LIMIT $2[0m  [["id", 7], ["LIMIT", 1]]
  ↳ app/controllers/friendships_controller.rb:30:in `index'
  [1m[36mFriendship Load (0.4ms)[0m  [1m[34mSELECT "friendships".* FROM "friendships" WHERE "friendships"."friend_id" = $1[0m  [["friend_id", 7]]
  ↳ app/models/user.rb:28:in `map'
  [1m[36mFriendship Load (0.4ms)[0m  [1m[34mSELECT "friendships".* FROM "friendships" WHERE "friendships"."user_id" = $1[0m  [["user_id", 7]]
  ↳ app/models/user.rb:32:in `map'
  [1m[36mUser Load (0.6ms)[0m  [1m[34mSELECT "users".* FROM "users" WHERE "users"."id" = $1 LIMIT $2[0m  [["id", 1], ["LIMIT", 1]]
  ↳ app/models/user.rb:32:in `block in pending_friends'
  [1m[36mUser Load (0.6ms)[0m  [1m[34mSELECT "users".* FROM "users" WHERE "users"."id" = $1 LIMIT $2[0m  [["id", 2], ["LIMIT", 1]]
  ↳ app/models/user.rb:32:in `block in pending_friends'
  [1m[36mUser Load (0.5ms)[0m  [1m[34mSELECT "users".* FROM "users" WHERE "users"."id" = $1 LIMIT $2[0m  [["id", 6], ["LIMIT", 1]]
  ↳ app/models/user.rb:32:in `block in pending_friends'
  Rendering friendships/index.html.erb within layouts/application
  Rendered friendships/index.html.erb within layouts/application (Duration: 0.4ms | Allocations: 25)
[Webpacker] Everything's up-to-date. Nothing to do
  Rendered layouts/_header.html.erb (Duration: 1.3ms | Allocations: 217)
Completed 200 OK in 171ms (Views: 140.1ms | ActiveRecord: 3.1ms | Allocations: 11412)


Started GET "/users" for ::1 at 2020-01-24 15:27:42 -0500
Processing by UsersController#index as HTML
  Rendering users/index.html.erb within layouts/application
  [1m[36mUser Load (0.8ms)[0m  [1m[34mSELECT "users".* FROM "users"[0m
  ↳ app/helpers/users_helper.rb:15:in `search_users_list'
  [1m[36mUser Load (0.6ms)[0m  [1m[34mSELECT "users".* FROM "users" WHERE "users"."id" = $1 ORDER BY "users"."id" ASC LIMIT $2[0m  [["id", 7], ["LIMIT", 1]]
  ↳ app/helpers/users_helper.rb:16:in `block in search_users_list'
  [1m[36mFriendship Load (0.4ms)[0m  [1m[34mSELECT "friendships".* FROM "friendships" WHERE "friendships"."user_id" = $1[0m  [["user_id", 7]]
  ↳ app/models/user.rb:22:in `map'
  [1m[36mFriendship Load (0.5ms)[0m  [1m[34mSELECT "friendships".* FROM "friendships" WHERE "friendships"."friend_id" = $1[0m  [["friend_id", 7]]
  ↳ app/models/user.rb:23:in `map'
  Rendered users/index.html.erb within layouts/application (Duration: 35.0ms | Allocations: 4292)
[Webpacker] Everything's up-to-date. Nothing to do
  Rendered layouts/_header.html.erb (Duration: 1.6ms | Allocations: 528)
Completed 200 OK in 167ms (Views: 160.1ms | ActiveRecord: 2.3ms | Allocations: 12797)


Started GET "/users" for ::1 at 2020-01-24 15:27:44 -0500
Processing by UsersController#index as HTML
  Rendering users/index.html.erb within layouts/application
  [1m[36mUser Load (0.9ms)[0m  [1m[34mSELECT "users".* FROM "users"[0m
  ↳ app/helpers/users_helper.rb:15:in `search_users_list'
  [1m[36mUser Load (0.7ms)[0m  [1m[34mSELECT "users".* FROM "users" WHERE "users"."id" = $1 ORDER BY "users"."id" ASC LIMIT $2[0m  [["id", 7], ["LIMIT", 1]]
  ↳ app/helpers/users_helper.rb:16:in `block in search_users_list'
  [1m[36mFriendship Load (0.8ms)[0m  [1m[34mSELECT "friendships".* FROM "friendships" WHERE "friendships"."user_id" = $1[0m  [["user_id", 7]]
  ↳ app/models/user.rb:22:in `map'
  [1m[36mFriendship Load (0.5ms)[0m  [1m[34mSELECT "friendships".* FROM "friendships" WHERE "friendships"."friend_id" = $1[0m  [["friend_id", 7]]
  ↳ app/models/user.rb:23:in `map'
  Rendered users/index.html.erb within layouts/application (Duration: 32.7ms | Allocations: 4003)
[Webpacker] Everything's up-to-date. Nothing to do
  Rendered layouts/_header.html.erb (Duration: 0.8ms | Allocations: 208)
Completed 200 OK in 304ms (Views: 298.6ms | ActiveRecord: 2.9ms | Allocations: 10885)


Started DELETE "/users/sign_out" for ::1 at 2020-01-24 15:28:51 -0500
Processing by Users::SessionsController#destroy as HTML
  Parameters: {"authenticity_token"=>"haCuS98vUc2yEPmPOTmsnIuaFDF33jeXkfCDpQWzheftB4QqQC2VUeluu8VlRzuykov919hnHz3o65Unr6bxnA=="}
  [1m[36mUser Load (0.4ms)[0m  [1m[34mSELECT "users".* FROM "users" WHERE "users"."id" = $1 ORDER BY "users"."id" ASC LIMIT $2[0m  [["id", 7], ["LIMIT", 1]]
Redirected to http://localhost:3000/
Completed 302 Found in 11ms (ActiveRecord: 0.4ms | Allocations: 3137)


Started GET "/" for ::1 at 2020-01-24 15:28:51 -0500
Processing by StaticPagesController#home as HTML
  Rendering static_pages/home.html.erb within layouts/application
  Rendered static_pages/home.html.erb within layouts/application (Duration: 1.1ms | Allocations: 80)
[Webpacker] Everything's up-to-date. Nothing to do
  Rendered layouts/_header.html.erb (Duration: 3.2ms | Allocations: 441)
Completed 200 OK in 149ms (Views: 139.9ms | ActiveRecord: 0.0ms | Allocations: 8480)


Started GET "/users/sign_in" for ::1 at 2020-01-24 15:28:55 -0500
Processing by Users::SessionsController#new as HTML
  Rendering devise/sessions/new.html.erb within layouts/application
  Rendered devise/shared/_links.html.erb (Duration: 25.4ms | Allocations: 523)
  Rendered devise/sessions/new.html.erb within layouts/application (Duration: 67.9ms | Allocations: 1903)
[Webpacker] Everything's up-to-date. Nothing to do
  Rendered layouts/_header.html.erb (Duration: 0.7ms | Allocations: 98)
Completed 200 OK in 306ms (Views: 301.4ms | ActiveRecord: 0.0ms | Allocations: 10776)


Started POST "/users/sign_in" for ::1 at 2020-01-24 15:28:58 -0500
Processing by Users::SessionsController#create as HTML
  Parameters: {"utf8"=>"✓", "authenticity_token"=>"DSrfDmst7ISvd0J2vqNkcS0P5waIlm3PrP8hMQMi4jxMQGRc4LBAXIQ2Az8YGB8X+GWrmphcnFJ/CZ5XUf54rg==", "user"=>{"email"=>"cristiano@gmail.com", "password"=>"[FILTERED]", "remember_me"=>"0"}, "commit"=>"Log in"}
  [1m[36mUser Load (1.1ms)[0m  [1m[34mSELECT "users".* FROM "users" WHERE "users"."email" = $1 ORDER BY "users"."id" ASC LIMIT $2[0m  [["email", "cristiano@gmail.com"], ["LIMIT", 1]]
Redirected to http://localhost:3000/
Completed 302 Found in 392ms (ActiveRecord: 1.1ms | Allocations: 5013)


Started GET "/" for ::1 at 2020-01-24 15:28:58 -0500
Processing by StaticPagesController#home as HTML
  Rendering static_pages/home.html.erb within layouts/application
  Rendered static_pages/home.html.erb within layouts/application (Duration: 0.1ms | Allocations: 4)
[Webpacker] Everything's up-to-date. Nothing to do
  [1m[36mUser Load (0.6ms)[0m  [1m[34mSELECT "users".* FROM "users" WHERE "users"."id" = $1 ORDER BY "users"."id" ASC LIMIT $2[0m  [["id", 2], ["LIMIT", 1]]
  ↳ app/views/layouts/_header.html.erb:3
  [1m[36mFriendship Load (0.5ms)[0m  [1m[34mSELECT "friendships".* FROM "friendships" WHERE "friendships"."friend_id" = $1[0m  [["friend_id", 2]]
  ↳ app/models/user.rb:28:in `map'
  [1m[36mUser Load (0.6ms)[0m  [1m[34mSELECT "users".* FROM "users" WHERE "users"."id" = $1 LIMIT $2[0m  [["id", 7], ["LIMIT", 1]]
  ↳ app/models/user.rb:28:in `block in friendship_request'
  Rendered layouts/_header.html.erb (Duration: 22.1ms | Allocations: 2721)
Completed 200 OK in 161ms (Views: 116.7ms | ActiveRecord: 1.7ms | Allocations: 9401)


Started GET "/notifications" for ::1 at 2020-01-24 15:29:01 -0500
Processing by FriendshipsController#index as HTML
  [1m[36mUser Load (0.5ms)[0m  [1m[34mSELECT "users".* FROM "users" WHERE "users"."id" = $1 ORDER BY "users"."id" ASC LIMIT $2[0m  [["id", 2], ["LIMIT", 1]]
  ↳ app/controllers/friendships_controller.rb:30:in `index'
  [1m[36mFriendship Load (0.7ms)[0m  [1m[34mSELECT "friendships".* FROM "friendships" WHERE "friendships"."friend_id" = $1[0m  [["friend_id", 2]]
  ↳ app/models/user.rb:28:in `map'
  [1m[36mUser Load (0.6ms)[0m  [1m[34mSELECT "users".* FROM "users" WHERE "users"."id" = $1 LIMIT $2[0m  [["id", 7], ["LIMIT", 1]]
  ↳ app/models/user.rb:28:in `block in friendship_request'
  [1m[36mFriendship Load (0.6ms)[0m  [1m[34mSELECT "friendships".* FROM "friendships" WHERE "friendships"."user_id" = $1[0m  [["user_id", 2]]
  ↳ app/models/user.rb:32:in `map'
  Rendering friendships/index.html.erb within layouts/application
  Rendered friendships/index.html.erb within layouts/application (Duration: 104.2ms | Allocations: 308)
[Webpacker] Everything's up-to-date. Nothing to do
  Rendered layouts/_header.html.erb (Duration: 1.4ms | Allocations: 219)
Completed 200 OK in 324ms (Views: 268.1ms | ActiveRecord: 2.3ms | Allocations: 10878)


Started GET "/posts" for ::1 at 2020-01-24 15:29:05 -0500
Processing by PostsController#index as HTML
  [1m[36mUser Load (0.4ms)[0m  [1m[34mSELECT "users".* FROM "users" WHERE "users"."id" = $1 ORDER BY "users"."id" ASC LIMIT $2[0m  [["id", 2], ["LIMIT", 1]]
  ↳ app/controllers/posts_controller.rb:7:in `index'
  [1m[36mFriendship Load (0.7ms)[0m  [1m[34mSELECT "friendships".* FROM "friendships" WHERE "friendships"."user_id" = $1[0m  [["user_id", 2]]
  ↳ app/models/user.rb:22:in `map'
  [1m[36mFriendship Load (0.5ms)[0m  [1m[34mSELECT "friendships".* FROM "friendships" WHERE "friendships"."friend_id" = $1[0m  [["friend_id", 2]]
  ↳ app/models/user.rb:23:in `map'
  [1m[36mUser Load (0.5ms)[0m  [1m[34mSELECT "users".* FROM "users" WHERE "users"."id" = $1 LIMIT $2[0m  [["id", 1], ["LIMIT", 1]]
  ↳ app/models/user.rb:23:in `block in friends'
  [1m[36mUser Load (0.6ms)[0m  [1m[34mSELECT "users".* FROM "users" WHERE "users"."id" = $1 LIMIT $2[0m  [["id", 5], ["LIMIT", 1]]
  ↳ app/models/user.rb:23:in `block in friends'
  [1m[36mPost Load (0.5ms)[0m  [1m[34mSELECT "posts".* FROM "posts" WHERE "posts"."user_id" = $1[0m  [["user_id", 1]]
  ↳ app/models/user.rb:36:in `flatten'
  [1m[36mPost Load (0.5ms)[0m  [1m[34mSELECT "posts".* FROM "posts" WHERE "posts"."user_id" = $1[0m  [["user_id", 2]]
  ↳ app/models/user.rb:37:in `show_post'
  Rendering posts/index.html.erb within layouts/application
  Rendered posts/index.html.erb within layouts/application (Duration: 3.2ms | Allocations: 261)
[Webpacker] Everything's up-to-date. Nothing to do
  [1m[36mUser Load (0.8ms)[0m  [1m[34mSELECT "users".* FROM "users" WHERE "users"."id" = $1 LIMIT $2[0m  [["id", 7], ["LIMIT", 1]]
  ↳ app/models/user.rb:28:in `block in friendship_request'
  Rendered layouts/_header.html.erb (Duration: 7.4ms | Allocations: 993)
Completed 200 OK in 170ms (Views: 126.0ms | ActiveRecord: 4.5ms | Allocations: 13709)


Started GET "/notifications" for ::1 at 2020-01-24 15:29:07 -0500
Processing by FriendshipsController#index as HTML
  [1m[36mUser Load (0.9ms)[0m  [1m[34mSELECT "users".* FROM "users" WHERE "users"."id" = $1 ORDER BY "users"."id" ASC LIMIT $2[0m  [["id", 2], ["LIMIT", 1]]
  ↳ app/controllers/friendships_controller.rb:30:in `index'
  [1m[36mFriendship Load (0.5ms)[0m  [1m[34mSELECT "friendships".* FROM "friendships" WHERE "friendships"."friend_id" = $1[0m  [["friend_id", 2]]
  ↳ app/models/user.rb:28:in `map'
  [1m[36mUser Load (0.5ms)[0m  [1m[34mSELECT "users".* FROM "users" WHERE "users"."id" = $1 LIMIT $2[0m  [["id", 7], ["LIMIT", 1]]
  ↳ app/models/user.rb:28:in `block in friendship_request'
  [1m[36mFriendship Load (0.5ms)[0m  [1m[34mSELECT "friendships".* FROM "friendships" WHERE "friendships"."user_id" = $1[0m  [["user_id", 2]]
  ↳ app/models/user.rb:32:in `map'
  Rendering friendships/index.html.erb within layouts/application
  Rendered friendships/index.html.erb within layouts/application (Duration: 0.6ms | Allocations: 65)
[Webpacker] Everything's up-to-date. Nothing to do
  Rendered layouts/_header.html.erb (Duration: 1.0ms | Allocations: 219)
Completed 200 OK in 206ms (Views: 179.7ms | ActiveRecord: 2.5ms | Allocations: 9962)


Started PUT "/friendships/7" for ::1 at 2020-01-24 15:29:09 -0500
Processing by FriendshipsController#update as HTML
  Parameters: {"authenticity_token"=>"PeXpf2fJq6JVEpEWpt+LG1D2H6Wo1YATQTtTjzlI6bHCEjWFWfD1yN/vYqG3v8TaZz4J03zA28FKK3TgGUnp9A==", "id"=>"7"}
  [1m[36mUser Load (0.6ms)[0m  [1m[34mSELECT "users".* FROM "users" WHERE "users"."id" = $1 LIMIT $2[0m  [["id", 7], ["LIMIT", 1]]
  ↳ app/controllers/friendships_controller.rb:39:in `update'
  [1m[36mUser Load (0.6ms)[0m  [1m[34mSELECT "users".* FROM "users" WHERE "users"."id" = $1 ORDER BY "users"."id" ASC LIMIT $2[0m  [["id", 2], ["LIMIT", 1]]
  ↳ app/controllers/friendships_controller.rb:40:in `update'
  [1m[36mFriendship Load (0.8ms)[0m  [1m[34mSELECT "friendships".* FROM "friendships" WHERE "friendships"."friend_id" = $1 AND "friendships"."user_id" = $2 LIMIT $3[0m  [["friend_id", 2], ["user_id", 7], ["LIMIT", 1]]
  ↳ app/controllers/friendships_controller.rb:40:in `update'
  [1m[36mFriendship Load (0.7ms)[0m  [1m[34mSELECT "friendships".* FROM "friendships" WHERE "friendships"."user_id" = $1 AND "friendships"."friend_id" = $2 LIMIT $3[0m  [["user_id", 7], ["friend_id", 2], ["LIMIT", 1]]
  ↳ app/controllers/friendships_controller.rb:41:in `update'
  [1m[35m (0.8ms)[0m  [1m[35mBEGIN[0m
  ↳ app/controllers/friendships_controller.rb:43:in `update'
  [1m[36mFriendship Update (2.6ms)[0m  [1m[33mUPDATE "friendships" SET "status" = $1, "updated_at" = $2 WHERE "friendships"."id" = $3[0m  [["status", true], ["updated_at", "2020-01-24 20:29:09.331941"], ["id", 42]]
  ↳ app/controllers/friendships_controller.rb:43:in `update'
  [1m[35m (0.7ms)[0m  [1m[35mCOMMIT[0m
  ↳ app/controllers/friendships_controller.rb:43:in `update'
  [1m[35m (0.4ms)[0m  [1m[35mBEGIN[0m
  ↳ app/controllers/friendships_controller.rb:44:in `update'
  [1m[36mFriendship Update (0.9ms)[0m  [1m[33mUPDATE "friendships" SET "status" = $1, "updated_at" = $2 WHERE "friendships"."id" = $3[0m  [["status", true], ["updated_at", "2020-01-24 20:29:09.354732"], ["id", 42]]
  ↳ app/controllers/friendships_controller.rb:44:in `update'
  [1m[35m (0.8ms)[0m  [1m[35mCOMMIT[0m
  ↳ app/controllers/friendships_controller.rb:44:in `update'
Redirected to http://localhost:3000/notifications
Completed 302 Found in 74ms (ActiveRecord: 8.8ms | Allocations: 8823)


Started GET "/notifications" for ::1 at 2020-01-24 15:29:09 -0500
Processing by FriendshipsController#index as HTML
  [1m[36mUser Load (0.4ms)[0m  [1m[34mSELECT "users".* FROM "users" WHERE "users"."id" = $1 ORDER BY "users"."id" ASC LIMIT $2[0m  [["id", 2], ["LIMIT", 1]]
  ↳ app/controllers/friendships_controller.rb:30:in `index'
  [1m[36mFriendship Load (0.5ms)[0m  [1m[34mSELECT "friendships".* FROM "friendships" WHERE "friendships"."friend_id" = $1[0m  [["friend_id", 2]]
  ↳ app/models/user.rb:28:in `map'
  [1m[36mFriendship Load (0.5ms)[0m  [1m[34mSELECT "friendships".* FROM "friendships" WHERE "friendships"."user_id" = $1[0m  [["user_id", 2]]
  ↳ app/models/user.rb:32:in `map'
  Rendering friendships/index.html.erb within layouts/application
  Rendered friendships/index.html.erb within layouts/application (Duration: 0.2ms | Allocations: 16)
[Webpacker] Everything's up-to-date. Nothing to do
  Rendered layouts/_header.html.erb (Duration: 0.6ms | Allocations: 217)
Completed 200 OK in 85ms (Views: 69.5ms | ActiveRecord: 1.4ms | Allocations: 9207)


Started GET "/posts" for ::1 at 2020-01-24 15:29:11 -0500
Processing by PostsController#index as HTML
  [1m[36mUser Load (0.6ms)[0m  [1m[34mSELECT "users".* FROM "users" WHERE "users"."id" = $1 ORDER BY "users"."id" ASC LIMIT $2[0m  [["id", 2], ["LIMIT", 1]]
  ↳ app/controllers/posts_controller.rb:7:in `index'
  [1m[36mFriendship Load (0.8ms)[0m  [1m[34mSELECT "friendships".* FROM "friendships" WHERE "friendships"."user_id" = $1[0m  [["user_id", 2]]
  ↳ app/models/user.rb:22:in `map'
  [1m[36mFriendship Load (0.5ms)[0m  [1m[34mSELECT "friendships".* FROM "friendships" WHERE "friendships"."friend_id" = $1[0m  [["friend_id", 2]]
  ↳ app/models/user.rb:23:in `map'
  [1m[36mUser Load (0.6ms)[0m  [1m[34mSELECT "users".* FROM "users" WHERE "users"."id" = $1 LIMIT $2[0m  [["id", 1], ["LIMIT", 1]]
  ↳ app/models/user.rb:23:in `block in friends'
  [1m[36mUser Load (0.6ms)[0m  [1m[34mSELECT "users".* FROM "users" WHERE "users"."id" = $1 LIMIT $2[0m  [["id", 5], ["LIMIT", 1]]
  ↳ app/models/user.rb:23:in `block in friends'
  [1m[36mUser Load (0.7ms)[0m  [1m[34mSELECT "users".* FROM "users" WHERE "users"."id" = $1 LIMIT $2[0m  [["id", 7], ["LIMIT", 1]]
  ↳ app/models/user.rb:23:in `block in friends'
  [1m[36mPost Load (0.7ms)[0m  [1m[34mSELECT "posts".* FROM "posts" WHERE "posts"."user_id" = $1[0m  [["user_id", 1]]
  ↳ app/models/user.rb:36:in `flatten'
  [1m[36mPost Load (0.6ms)[0m  [1m[34mSELECT "posts".* FROM "posts" WHERE "posts"."user_id" = $1[0m  [["user_id", 7]]
  ↳ app/models/user.rb:36:in `flatten'
  [1m[36mPost Load (0.7ms)[0m  [1m[34mSELECT "posts".* FROM "posts" WHERE "posts"."user_id" = $1[0m  [["user_id", 2]]
  ↳ app/models/user.rb:37:in `show_post'
  Rendering posts/index.html.erb within layouts/application
  Rendered posts/index.html.erb within layouts/application (Duration: 1.1ms | Allocations: 109)
[Webpacker] Everything's up-to-date. Nothing to do
  Rendered layouts/_header.html.erb (Duration: 1.2ms | Allocations: 208)
Completed 200 OK in 210ms (Views: 144.6ms | ActiveRecord: 5.8ms | Allocations: 13524)


